Log file open, 11/04/20 10:33:40
LogInit: Display: Running engine for game: DungeonsRemaster
LogPlatformFile: Not using cached read wrapper
LogTaskGraph: Started task graph with 5 named threads and 35 total threads with 3 sets of task threads.
LogStats: Stats thread started at 0.173015
LogD3D11RHI: Loaded GFSDK_Aftermath_Lib.x64.dll
LogICUInternationalization: ICU TimeZone Detection - Raw Offset: +0:00, Platform Override: ''
LogPluginManager: Mounting plugin Paper2D
LogPluginManager: Mounting plugin AISupport
LogPluginManager: Mounting plugin LightPropagationVolume
LogPluginManager: Mounting plugin CameraShakePreviewer
LogPluginManager: Mounting plugin ActorLayerUtilities
LogPluginManager: Mounting plugin AnimationSharing
LogPluginManager: Mounting plugin CLionSourceCodeAccess
LogPluginManager: Mounting plugin CodeLiteSourceCodeAccess
LogPluginManager: Mounting plugin GitSourceControl
LogPluginManager: Mounting plugin KDevelopSourceCodeAccess
LogPluginManager: Mounting plugin NullSourceCodeAccess
LogPluginManager: Mounting plugin PerforceSourceControl
LogPluginManager: Mounting plugin PlasticSourceControl
LogPluginManager: Mounting plugin RiderSourceCodeAccess
LogPluginManager: Mounting plugin SubversionSourceControl
LogPluginManager: Mounting plugin UObjectPlugin
LogPluginManager: Mounting plugin VisualStudioCodeSourceCodeAccess
LogPluginManager: Mounting plugin VisualStudioSourceCodeAccess
LogPluginManager: Mounting plugin XCodeSourceCodeAccess
LogPluginManager: Mounting plugin AssetManagerEditor
LogPluginManager: Mounting plugin CryptoKeys
LogPluginManager: Mounting plugin CurveEditorTools
LogPluginManager: Mounting plugin DataValidation
LogPluginManager: Mounting plugin EditorScriptingUtilities
LogPluginManager: Mounting plugin FacialAnimation
LogPluginManager: Mounting plugin GameplayTagsEditor
LogPluginManager: Mounting plugin GeometryMode
LogPluginManager: Mounting plugin MacGraphicsSwitching
LogPluginManager: Mounting plugin MaterialAnalyzer
LogPluginManager: Mounting plugin MobileLauncherProfileWizard
LogPluginManager: Mounting plugin PluginBrowser
LogPluginManager: Mounting plugin SpeedTreeImporter
LogPluginManager: Mounting plugin DatasmithContent
LogPluginManager: Mounting plugin VariantManagerContent
LogPluginManager: Mounting plugin AlembicImporter
LogPluginManager: Mounting plugin AutomationUtils
LogPluginManager: Mounting plugin BackChannel
LogPluginManager: Mounting plugin ChaosCloth
LogPluginManager: Mounting plugin ChaosClothEditor
LogPluginManager: Mounting plugin ChaosEditor
LogPluginManager: Mounting plugin ChaosNiagara
LogPluginManager: Mounting plugin ChaosSolverPlugin
LogPluginManager: Mounting plugin CharacterAI
LogPluginManager: Mounting plugin GeometryCache
LogPluginManager: Mounting plugin GeometryCollectionPlugin
LogPluginManager: Mounting plugin GeometryProcessing
LogPluginManager: Mounting plugin PlanarCut
LogPluginManager: Mounting plugin PlatformCrypto
LogPluginManager: Mounting plugin ProxyLODPlugin
LogPluginManager: Mounting plugin SkeletalReduction
LogPluginManager: Mounting plugin Niagara
LogPluginManager: Mounting plugin MagicLeap
LogPluginManager: Mounting plugin MagicLeapLightEstimation
LogPluginManager: Mounting plugin MagicLeapMedia
LogPluginManager: Mounting plugin MagicLeapPassableWorld
LogPluginManager: Mounting plugin MLSDK
LogPluginManager: Mounting plugin AndroidMedia
LogPluginManager: Mounting plugin AvfMedia
LogPluginManager: Mounting plugin ImgMedia
LogPluginManager: Mounting plugin MediaCompositing
LogPluginManager: Mounting plugin MediaPlayerEditor
LogPluginManager: Mounting plugin WebMMedia
LogPluginManager: Mounting plugin WmfMedia
LogPluginManager: Mounting plugin MeshPainting
LogPluginManager: Mounting plugin TcpMessaging
LogPluginManager: Mounting plugin UdpMessaging
LogPluginManager: Mounting plugin ActorSequence
LogPluginManager: Mounting plugin LevelSequenceEditor
LogPluginManager: Mounting plugin MatineeToLevelSequence
LogPluginManager: Mounting plugin MovieRenderPipeline
LogPluginManager: Mounting plugin TemplateSequence
LogPluginManager: Mounting plugin NetcodeUnitTest
LogPluginManager: Mounting plugin NUTUnrealEngine4
LogPluginManager: Mounting plugin OnlineSubsystemGooglePlay
LogPluginManager: Mounting plugin OnlineSubsystemIOS
LogPluginManager: Mounting plugin OnlineSubsystem
LogPluginManager: Mounting plugin OnlineSubsystemNull
LogPluginManager: Mounting plugin OnlineSubsystemUtils
LogPluginManager: Mounting plugin LauncherChunkInstaller
LogPluginManager: Mounting plugin AndroidDeviceProfileSelector
LogPluginManager: Mounting plugin AndroidMoviePlayer
LogPluginManager: Mounting plugin AndroidPermission
LogPluginManager: Mounting plugin AppleImageUtils
LogPluginManager: Mounting plugin AppleMoviePlayer
LogPluginManager: Mounting plugin ArchVisCharacter
LogPluginManager: Mounting plugin AssetTags
LogPluginManager: Mounting plugin AudioCapture
LogPluginManager: Mounting plugin CableComponent
LogPluginManager: Mounting plugin CustomMeshComponent
LogPluginManager: Mounting plugin EditableMesh
LogPluginManager: Mounting plugin ExampleDeviceProfileSelector
LogPluginManager: Mounting plugin GoogleCloudMessaging
LogPluginManager: Mounting plugin GooglePAD
LogPluginManager: Mounting plugin IOSDeviceProfileSelector
LogPluginManager: Mounting plugin LinuxDeviceProfileSelector
LogPluginManager: Mounting plugin LocationServicesBPLibrary
LogPluginManager: Mounting plugin MobilePatchingUtils
LogPluginManager: Mounting plugin OculusVR
LogPluginManager: Mounting plugin PhysXVehicles
LogPluginManager: Mounting plugin PostSplashScreen
LogPluginManager: Mounting plugin ProceduralMeshComponent
LogPluginManager: Mounting plugin RuntimePhysXCooking
LogPluginManager: Mounting plugin SignificanceManager
LogPluginManager: Mounting plugin SoundFields
LogPluginManager: Mounting plugin SteamVR
LogPluginManager: Mounting plugin Synthesis
LogPluginManager: Mounting plugin WebMMoviePlayer
LogPluginManager: Mounting plugin WindowsMoviePlayer
LogPluginManager: Mounting plugin ScreenshotTools
LogInit: Using libcurl 7.55.1-DEV
LogInit:  - built for x86_64-pc-win32
LogInit:  - supports SSL with OpenSSL/1.1.1
LogInit:  - supports HTTP deflate (compression) using libz 1.2.8
LogInit:  - other features:
LogInit:      CURL_VERSION_SSL
LogInit:      CURL_VERSION_LIBZ
LogInit:      CURL_VERSION_IPV6
LogInit:      CURL_VERSION_ASYNCHDNS
LogInit:      CURL_VERSION_LARGEFILE
LogInit:      CURL_VERSION_IDN
LogInit:  CurlRequestOptions (configurable via config and command line):
LogInit:  - bVerifyPeer = true  - Libcurl will verify peer certificate
LogInit:  - bUseHttpProxy = false  - Libcurl will NOT use HTTP proxy
LogInit:  - bDontReuseConnections = false  - Libcurl will reuse connections
LogInit:  - MaxHostConnections = 16  - Libcurl will limit the number of connections to a host
LogInit:  - LocalHostAddr = Default
LogInit:  - BufferSize = 65536
LogOnline: OSS: Creating online subsystem instance for: NULL
LogInit: WinSock: version 1.1 (2.2), MaxSocks=32767, MaxUdp=65467
LogOnline: OSS: TryLoadSubsystemAndSetDefault: Loaded subsystem for module [NULL]
LogInit: Build: ++UE4+Release-4.25-CL-14469661
LogInit: Engine Version: 4.25.4-14469661+++UE4+Release-4.25
LogInit: Compatible Engine Version: 4.25.0-13144385+++UE4+Release-4.25
LogInit: Net CL: 13144385
LogInit: OS: Windows 10 (Release 1903) (), CPU: AMD Ryzen 5 3600 6-Core Processor              , GPU: NVIDIA GeForce GTX 960
LogInit: Compiled (64-bit): Oct 11 2020 08:10:49
LogInit: Compiled with Visual C++: 19.24.28315.00
LogInit: Build Configuration: Development
LogInit: Branch Name: ++UE4+Release-4.25
LogInit: Command Line: 
LogInit: Base Directory: C:/Unreal Engine/UE_4.25/Engine/Binaries/Win64/
LogInit: Allocator: TBB
LogInit: Installed Engine Build: 1
LogDevObjectVersion: Number of dev versions registered: 26
LogDevObjectVersion:   Dev-Blueprints (B0D832E4-1F89-4F0D-ACCF-7EB736FD4AA2): 10
LogDevObjectVersion:   Dev-Build (E1C64328-A22C-4D53-A36C-8E866417BD8C): 0
LogDevObjectVersion:   Dev-Core (375EC13C-06E4-48FB-B500-84F0262A717E): 4
LogDevObjectVersion:   Dev-Editor (E4B068ED-F494-42E9-A231-DA0B2E46BB41): 38
LogDevObjectVersion:   Dev-Framework (CFFC743F-43B0-4480-9391-14DF171D2073): 37
LogDevObjectVersion:   Dev-Mobile (B02B49B5-BB20-44E9-A304-32B752E40360): 2
LogDevObjectVersion:   Dev-Networking (A4E4105C-59A1-49B5-A7C5-40C4547EDFEE): 0
LogDevObjectVersion:   Dev-Online (39C831C9-5AE6-47DC-9A44-9C173E1C8E7C): 0
LogDevObjectVersion:   Dev-Physics (78F01B33-EBEA-4F98-B9B4-84EACCB95AA2): 4
LogDevObjectVersion:   Dev-Platform (6631380F-2D4D-43E0-8009-CF276956A95A): 0
LogDevObjectVersion:   Dev-Rendering (12F88B9F-8875-4AFC-A67C-D90C383ABD29): 43
LogDevObjectVersion:   Dev-Sequencer (7B5AE74C-D270-4C10-A958-57980B212A5A): 12
LogDevObjectVersion:   Dev-VR (D7296918-1DD6-4BDD-9DE2-64A83CC13884): 3
LogDevObjectVersion:   Dev-LoadTimes (C2A15278-BFE7-4AFE-6C17-90FF531DF755): 1
LogDevObjectVersion:   Private-Geometry (6EACA3D4-40EC-4CC1-B786-8BED09428FC5): 3
LogDevObjectVersion:   Dev-AnimPhys (29E575DD-E0A3-4627-9D10-D276232CDCEA): 17
LogDevObjectVersion:   Dev-Anim (AF43A65D-7FD3-4947-9873-3E8ED9C1BB05): 7
LogDevObjectVersion:   Dev-ReflectionCapture (6B266CEC-1EC7-4B8F-A30B-E4D90942FC07): 1
LogDevObjectVersion:   Dev-Automation (0DF73D61-A23F-47EA-B727-89E90C41499A): 1
LogDevObjectVersion:   FortniteMain (601D1886-AC64-4F84-AA16-D3DE0DEAC7D6): 31
LogDevObjectVersion:   Dev-Enterprise (9DFFBCD6-494F-0158-E221-12823C92A888): 10
LogDevObjectVersion:   Dev-Niagara (F2AED0AC-9AFE-416F-8664-AA7FFA26D6FC): 1
LogDevObjectVersion:   Dev-Destruction (174F1F0B-B4C6-45A5-B13F-2EE8D0FB917D): 10
LogDevObjectVersion:   Dev-Physics-Ext (35F94A83-E258-406C-A318-09F59610247C): 37
LogDevObjectVersion:   Dev-PhysicsMaterial-Chaos (B68FC16E-8B1B-42E2-B453-215C058844FE): 1
LogDevObjectVersion:   Dev-CineCamera (B2E18506-4273-CFC2-A54E-F4BB758BBA07): 1
LogInit: Presizing for max 25165824 objects, including 0 objects not considered by GC, pre-allocating 0 bytes for permanent pool.
LogConfig: Applying CVar settings from Section [/Script/Engine.StreamingSettings] File [C:/Users/Mohammad/Documents/Unreal Projects/DungeonsRemaster/Saved/Config/Windows/Engine.ini]
LogConfig: Setting CVar [[s.MinBulkDataSizeForAsyncLoading:131072]]
LogConfig: Setting CVar [[s.AsyncLoadingThreadEnabled:0]]
LogConfig: Setting CVar [[s.EventDrivenLoaderEnabled:1]]
LogConfig: Setting CVar [[s.WarnIfTimeLimitExceeded:0]]
LogConfig: Setting CVar [[s.TimeLimitExceededMultiplier:1.5]]
LogConfig: Setting CVar [[s.TimeLimitExceededMinTime:0.005]]
LogConfig: Setting CVar [[s.UseBackgroundLevelStreaming:1]]
LogConfig: Setting CVar [[s.PriorityAsyncLoadingExtraTime:15.0]]
LogConfig: Setting CVar [[s.LevelStreamingActorsUpdateTimeLimit:5.0]]
LogConfig: Setting CVar [[s.PriorityLevelStreamingActorsUpdateExtraTime:5.0]]
LogConfig: Setting CVar [[s.LevelStreamingComponentsRegistrationGranularity:10]]
LogConfig: Setting CVar [[s.UnregisterComponentsTimeLimit:1.0]]
LogConfig: Setting CVar [[s.LevelStreamingComponentsUnregistrationGranularity:5]]
LogConfig: Setting CVar [[s.FlushStreamingOnExit:1]]
LogInit: Object subsystem initialized
LogConfig: Setting CVar [[con.DebugEarlyDefault:1]]
LogConfig: Setting CVar [[r.setres:1280x720]]
[2020.11.04-10.33.41:083][  0]LogConfig: Setting CVar [[r.VSync:0]]
[2020.11.04-10.33.41:083][  0]LogConfig: Setting CVar [[r.RHICmdBypass:0]]
[2020.11.04-10.33.41:083][  0]LogConfig: Applying CVar settings from Section [/Script/Engine.RendererSettings] File [C:/Users/Mohammad/Documents/Unreal Projects/DungeonsRemaster/Saved/Config/Windows/Engine.ini]
[2020.11.04-10.33.41:083][  0]LogConfig: Setting CVar [[r.GPUCrashDebugging:0]]
[2020.11.04-10.33.41:083][  0]LogConfig: Applying CVar settings from Section [/Script/Engine.RendererOverrideSettings] File [C:/Users/Mohammad/Documents/Unreal Projects/DungeonsRemaster/Saved/Config/Windows/Engine.ini]
[2020.11.04-10.33.41:083][  0]LogConfig: Applying CVar settings from Section [/Script/Engine.StreamingSettings] File [C:/Users/Mohammad/Documents/Unreal Projects/DungeonsRemaster/Saved/Config/Windows/Engine.ini]
[2020.11.04-10.33.41:083][  0]LogConfig: Setting CVar [[s.MinBulkDataSizeForAsyncLoading:131072]]
[2020.11.04-10.33.41:083][  0]LogConfig: Setting CVar [[s.AsyncLoadingThreadEnabled:0]]
[2020.11.04-10.33.41:083][  0]LogConfig: Setting CVar [[s.EventDrivenLoaderEnabled:1]]
[2020.11.04-10.33.41:083][  0]LogConfig: Setting CVar [[s.WarnIfTimeLimitExceeded:0]]
[2020.11.04-10.33.41:083][  0]LogConfig: Setting CVar [[s.TimeLimitExceededMultiplier:1.5]]
[2020.11.04-10.33.41:083][  0]LogConfig: Setting CVar [[s.TimeLimitExceededMinTime:0.005]]
[2020.11.04-10.33.41:083][  0]LogConfig: Setting CVar [[s.UseBackgroundLevelStreaming:1]]
[2020.11.04-10.33.41:083][  0]LogConfig: Setting CVar [[s.PriorityAsyncLoadingExtraTime:15.0]]
[2020.11.04-10.33.41:083][  0]LogConfig: Setting CVar [[s.LevelStreamingActorsUpdateTimeLimit:5.0]]
[2020.11.04-10.33.41:083][  0]LogConfig: Setting CVar [[s.PriorityLevelStreamingActorsUpdateExtraTime:5.0]]
[2020.11.04-10.33.41:083][  0]LogConfig: Setting CVar [[s.LevelStreamingComponentsRegistrationGranularity:10]]
[2020.11.04-10.33.41:083][  0]LogConfig: Setting CVar [[s.UnregisterComponentsTimeLimit:1.0]]
[2020.11.04-10.33.41:083][  0]LogConfig: Setting CVar [[s.LevelStreamingComponentsUnregistrationGranularity:5]]
[2020.11.04-10.33.41:083][  0]LogConfig: Setting CVar [[s.FlushStreamingOnExit:1]]
[2020.11.04-10.33.41:083][  0]LogConfig: Applying CVar settings from Section [/Script/Engine.GarbageCollectionSettings] File [C:/Users/Mohammad/Documents/Unreal Projects/DungeonsRemaster/Saved/Config/Windows/Engine.ini]
[2020.11.04-10.33.41:083][  0]LogConfig: Setting CVar [[gc.MaxObjectsNotConsideredByGC:1]]
[2020.11.04-10.33.41:083][  0]LogConfig: Setting CVar [[gc.SizeOfPermanentObjectPool:0]]
[2020.11.04-10.33.41:083][  0]LogConfig: Setting CVar [[gc.FlushStreamingOnGC:0]]
[2020.11.04-10.33.41:083][  0]LogConfig: Setting CVar [[gc.NumRetriesBeforeForcingGC:10]]
[2020.11.04-10.33.41:083][  0]LogConfig: Setting CVar [[gc.AllowParallelGC:1]]
[2020.11.04-10.33.41:083][  0]LogConfig: Setting CVar [[gc.TimeBetweenPurgingPendingKillObjects:61.1]]
[2020.11.04-10.33.41:083][  0]LogConfig: Setting CVar [[gc.MaxObjectsInEditor:25165824]]
[2020.11.04-10.33.41:083][  0]LogConfig: Setting CVar [[gc.IncrementalBeginDestroyEnabled:1]]
[2020.11.04-10.33.41:083][  0]LogConfig: Setting CVar [[gc.CreateGCClusters:1]]
[2020.11.04-10.33.41:083][  0]LogConfig: Setting CVar [[gc.MinGCClusterSize:5]]
[2020.11.04-10.33.41:083][  0]LogConfig: Setting CVar [[gc.ActorClusteringEnabled:0]]
[2020.11.04-10.33.41:083][  0]LogConfig: Setting CVar [[gc.BlueprintClusteringEnabled:0]]
[2020.11.04-10.33.41:083][  0]LogConfig: Setting CVar [[gc.UseDisregardForGCOnDedicatedServers:0]]
[2020.11.04-10.33.41:083][  0]LogConfig: Applying CVar settings from Section [/Script/Engine.NetworkSettings] File [C:/Users/Mohammad/Documents/Unreal Projects/DungeonsRemaster/Saved/Config/Windows/Engine.ini]
[2020.11.04-10.33.41:083][  0]LogConfig: Applying CVar settings from Section [/Script/UnrealEd.CookerSettings] File [C:/Users/Mohammad/Documents/Unreal Projects/DungeonsRemaster/Saved/Config/Windows/Engine.ini]
[2020.11.04-10.33.41:088][  0]LogConfig: Applying CVar settings from Section [ViewDistanceQuality@3] File [C:/Users/Mohammad/Documents/Unreal Projects/DungeonsRemaster/Saved/Config/Windows/Scalability.ini]
[2020.11.04-10.33.41:088][  0]LogConfig: Setting CVar [[r.SkeletalMeshLODBias:0]]
[2020.11.04-10.33.41:088][  0]LogConfig: Setting CVar [[r.ViewDistanceScale:1.0]]
[2020.11.04-10.33.41:088][  0]LogConfig: Applying CVar settings from Section [AntiAliasingQuality@3] File [C:/Users/Mohammad/Documents/Unreal Projects/DungeonsRemaster/Saved/Config/Windows/Scalability.ini]
[2020.11.04-10.33.41:088][  0]LogConfig: Setting CVar [[r.PostProcessAAQuality:4]]
[2020.11.04-10.33.41:088][  0]LogConfig: Applying CVar settings from Section [ShadowQuality@3] File [C:/Users/Mohammad/Documents/Unreal Projects/DungeonsRemaster/Saved/Config/Windows/Scalability.ini]
[2020.11.04-10.33.41:088][  0]LogConfig: Setting CVar [[r.LightFunctionQuality:1]]
[2020.11.04-10.33.41:088][  0]LogConfig: Setting CVar [[r.ShadowQuality:5]]
[2020.11.04-10.33.41:088][  0]LogConfig: Setting CVar [[r.Shadow.CSM.MaxCascades:10]]
[2020.11.04-10.33.41:088][  0]LogConfig: Setting CVar [[r.Shadow.MaxResolution:2048]]
[2020.11.04-10.33.41:088][  0]LogConfig: Setting CVar [[r.Shadow.MaxCSMResolution:2048]]
[2020.11.04-10.33.41:088][  0]LogConfig: Setting CVar [[r.Shadow.RadiusThreshold:0.01]]
[2020.11.04-10.33.41:088][  0]LogConfig: Setting CVar [[r.Shadow.DistanceScale:1.0]]
[2020.11.04-10.33.41:088][  0]LogConfig: Setting CVar [[r.Shadow.CSM.TransitionScale:1.0]]
[2020.11.04-10.33.41:088][  0]LogConfig: Setting CVar [[r.Shadow.PreShadowResolutionFactor:1.0]]
[2020.11.04-10.33.41:088][  0]LogConfig: Setting CVar [[r.DistanceFieldShadowing:1]]
[2020.11.04-10.33.41:088][  0]LogConfig: Setting CVar [[r.DistanceFieldAO:1]]
[2020.11.04-10.33.41:088][  0]LogConfig: Setting CVar [[r.AOQuality:2]]
[2020.11.04-10.33.41:088][  0]LogConfig: Setting CVar [[r.VolumetricFog:1]]
[2020.11.04-10.33.41:088][  0]LogConfig: Setting CVar [[r.VolumetricFog.GridPixelSize:8]]
[2020.11.04-10.33.41:088][  0]LogConfig: Setting CVar [[r.VolumetricFog.GridSizeZ:128]]
[2020.11.04-10.33.41:088][  0]LogConfig: Setting CVar [[r.VolumetricFog.HistoryMissSupersampleCount:4]]
[2020.11.04-10.33.41:088][  0]LogConfig: Setting CVar [[r.LightMaxDrawDistanceScale:1]]
[2020.11.04-10.33.41:089][  0]LogConfig: Setting CVar [[r.CapsuleShadows:1]]
[2020.11.04-10.33.41:089][  0]LogConfig: Applying CVar settings from Section [PostProcessQuality@3] File [C:/Users/Mohammad/Documents/Unreal Projects/DungeonsRemaster/Saved/Config/Windows/Scalability.ini]
[2020.11.04-10.33.41:089][  0]LogConfig: Setting CVar [[r.MotionBlurQuality:4]]
[2020.11.04-10.33.41:089][  0]LogConfig: Setting CVar [[r.AmbientOcclusionMipLevelFactor:0.4]]
[2020.11.04-10.33.41:089][  0]LogConfig: Setting CVar [[r.AmbientOcclusionMaxQuality:100]]
[2020.11.04-10.33.41:089][  0]LogConfig: Setting CVar [[r.AmbientOcclusionLevels:-1]]
[2020.11.04-10.33.41:089][  0]LogConfig: Setting CVar [[r.AmbientOcclusionRadiusScale:1.0]]
[2020.11.04-10.33.41:089][  0]LogConfig: Setting CVar [[r.DepthOfFieldQuality:2]]
[2020.11.04-10.33.41:089][  0]LogConfig: Setting CVar [[r.RenderTargetPoolMin:400]]
[2020.11.04-10.33.41:089][  0]LogConfig: Setting CVar [[r.LensFlareQuality:2]]
[2020.11.04-10.33.41:089][  0]LogConfig: Setting CVar [[r.SceneColorFringeQuality:1]]
[2020.11.04-10.33.41:089][  0]LogConfig: Setting CVar [[r.EyeAdaptationQuality:2]]
[2020.11.04-10.33.41:089][  0]LogConfig: Setting CVar [[r.BloomQuality:5]]
[2020.11.04-10.33.41:089][  0]LogConfig: Setting CVar [[r.FastBlurThreshold:100]]
[2020.11.04-10.33.41:089][  0]LogConfig: Setting CVar [[r.Upscale.Quality:3]]
[2020.11.04-10.33.41:089][  0]LogConfig: Setting CVar [[r.Tonemapper.GrainQuantization:1]]
[2020.11.04-10.33.41:089][  0]LogConfig: Setting CVar [[r.LightShaftQuality:1]]
[2020.11.04-10.33.41:089][  0]LogConfig: Setting CVar [[r.Filter.SizeScale:1]]
[2020.11.04-10.33.41:089][  0]LogConfig: Setting CVar [[r.Tonemapper.Quality:5]]
[2020.11.04-10.33.41:089][  0]LogConfig: Setting CVar [[r.DOF.Gather.AccumulatorQuality:1        ; higher gathering accumulator quality]]
[2020.11.04-10.33.41:089][  0]LogConfig: Setting CVar [[r.DOF.Gather.PostfilterMethod:1          ; Median3x3 postfilering method]]
[2020.11.04-10.33.41:089][  0]LogConfig: Setting CVar [[r.DOF.Gather.EnableBokehSettings:0       ; no bokeh simulation when gathering]]
[2020.11.04-10.33.41:089][  0]LogConfig: Setting CVar [[r.DOF.Gather.RingCount:4                 ; medium number of samples when gathering]]
[2020.11.04-10.33.41:089][  0]LogConfig: Setting CVar [[r.DOF.Scatter.ForegroundCompositing:1    ; additive foreground scattering]]
[2020.11.04-10.33.41:089][  0]LogConfig: Setting CVar [[r.DOF.Scatter.BackgroundCompositing:2    ; additive background scattering]]
[2020.11.04-10.33.41:089][  0]LogConfig: Setting CVar [[r.DOF.Scatter.EnableBokehSettings:1      ; bokeh simulation when scattering]]
[2020.11.04-10.33.41:089][  0]LogConfig: Setting CVar [[r.DOF.Scatter.MaxSpriteRatio:0.1         ; only a maximum of 10% of scattered bokeh]]
[2020.11.04-10.33.41:089][  0]LogConfig: Setting CVar [[r.DOF.Recombine.Quality:1                ; cheap slight out of focus]]
[2020.11.04-10.33.41:089][  0]LogConfig: Setting CVar [[r.DOF.Recombine.EnableBokehSettings:0    ; no bokeh simulation on slight out of focus]]
[2020.11.04-10.33.41:089][  0]LogConfig: Setting CVar [[r.DOF.TemporalAAQuality:1                ; more stable temporal accumulation]]
[2020.11.04-10.33.41:089][  0]LogConfig: Setting CVar [[r.DOF.Kernel.MaxForegroundRadius:0.025]]
[2020.11.04-10.33.41:089][  0]LogConfig: Setting CVar [[r.DOF.Kernel.MaxBackgroundRadius:0.025]]
[2020.11.04-10.33.41:089][  0]LogConfig: Applying CVar settings from Section [TextureQuality@3] File [C:/Users/Mohammad/Documents/Unreal Projects/DungeonsRemaster/Saved/Config/Windows/Scalability.ini]
[2020.11.04-10.33.41:089][  0]LogConfig: Setting CVar [[r.Streaming.MipBias:0]]
[2020.11.04-10.33.41:089][  0]LogConfig: Setting CVar [[r.Streaming.AmortizeCPUToGPUCopy:0]]
[2020.11.04-10.33.41:089][  0]LogConfig: Setting CVar [[r.Streaming.MaxNumTexturesToStreamPerFrame:0]]
[2020.11.04-10.33.41:089][  0]LogConfig: Setting CVar [[r.Streaming.Boost:1]]
[2020.11.04-10.33.41:089][  0]LogConfig: Setting CVar [[r.MaxAnisotropy:8]]
[2020.11.04-10.33.41:089][  0]LogConfig: Setting CVar [[r.VT.MaxAnisotropy:8]]
[2020.11.04-10.33.41:089][  0]LogConfig: Setting CVar [[r.Streaming.LimitPoolSizeToVRAM:0]]
[2020.11.04-10.33.41:089][  0]LogConfig: Setting CVar [[r.Streaming.PoolSize:1000]]
[2020.11.04-10.33.41:089][  0]LogConfig: Setting CVar [[r.Streaming.MaxEffectiveScreenSize:0]]
[2020.11.04-10.33.41:089][  0]LogConfig: Applying CVar settings from Section [EffectsQuality@3] File [C:/Users/Mohammad/Documents/Unreal Projects/DungeonsRemaster/Saved/Config/Windows/Scalability.ini]
[2020.11.04-10.33.41:089][  0]LogConfig: Setting CVar [[r.TranslucencyLightingVolumeDim:64]]
[2020.11.04-10.33.41:089][  0]LogConfig: Setting CVar [[r.RefractionQuality:2]]
[2020.11.04-10.33.41:089][  0]LogConfig: Setting CVar [[r.SSR.Quality:3]]
[2020.11.04-10.33.41:089][  0]LogConfig: Setting CVar [[r.SSR.HalfResSceneColor:0]]
[2020.11.04-10.33.41:089][  0]LogConfig: Setting CVar [[r.SceneColorFormat:4]]
[2020.11.04-10.33.41:089][  0]LogConfig: Setting CVar [[r.DetailMode:2]]
[2020.11.04-10.33.41:089][  0]LogConfig: Setting CVar [[r.TranslucencyVolumeBlur:1]]
[2020.11.04-10.33.41:089][  0]LogConfig: Setting CVar [[r.MaterialQualityLevel:1 ; High quality]]
[2020.11.04-10.33.41:089][  0]LogConfig: Setting CVar [[r.SSS.Scale:1]]
[2020.11.04-10.33.41:089][  0]LogConfig: Setting CVar [[r.SSS.SampleSet:2]]
[2020.11.04-10.33.41:089][  0]LogConfig: Setting CVar [[r.SSS.Quality:1]]
[2020.11.04-10.33.41:089][  0]LogConfig: Setting CVar [[r.SSS.HalfRes:0]]
[2020.11.04-10.33.41:089][  0]LogConfig: Setting CVar [[r.SSGI.Quality:3]]
[2020.11.04-10.33.41:089][  0]LogConfig: Setting CVar [[r.EmitterSpawnRateScale:1.0]]
[2020.11.04-10.33.41:089][  0]LogConfig: Setting CVar [[r.ParticleLightQuality:2]]
[2020.11.04-10.33.41:089][  0]LogConfig: Setting CVar [[r.SkyAtmosphere.AerialPerspectiveLUT.FastApplyOnOpaque:1 ; Always have FastSkyLUT 1 in this case to avoid wrong sky]]
[2020.11.04-10.33.41:089][  0]LogConfig: Setting CVar [[r.SkyAtmosphere.AerialPerspectiveLUT.SampleCountPerSlice:1]]
[2020.11.04-10.33.41:089][  0]LogConfig: Setting CVar [[r.SkyAtmosphere.AerialPerspectiveLUT.DepthResolution:16.0]]
[2020.11.04-10.33.41:089][  0]LogConfig: Setting CVar [[r.SkyAtmosphere.FastSkyLUT:1]]
[2020.11.04-10.33.41:089][  0]LogConfig: Setting CVar [[r.SkyAtmosphere.FastSkyLUT.SampleCountMin:4.0]]
[2020.11.04-10.33.41:089][  0]LogConfig: Setting CVar [[r.SkyAtmosphere.FastSkyLUT.SampleCountMax:32.0]]
[2020.11.04-10.33.41:089][  0]LogConfig: Setting CVar [[r.SkyAtmosphere.SampleCountMin:4.0]]
[2020.11.04-10.33.41:089][  0]LogConfig: Setting CVar [[r.SkyAtmosphere.SampleCountMax:32.0]]
[2020.11.04-10.33.41:089][  0]LogConfig: Setting CVar [[r.SkyAtmosphere.TransmittanceLUT.UseSmallFormat:0]]
[2020.11.04-10.33.41:089][  0]LogConfig: Setting CVar [[r.SkyAtmosphere.TransmittanceLUT.SampleCount:10.0]]
[2020.11.04-10.33.41:089][  0]LogConfig: Setting CVar [[r.SkyAtmosphere.MultiScatteringLUT.SampleCount:15.0]]
[2020.11.04-10.33.41:089][  0]LogConfig: Applying CVar settings from Section [FoliageQuality@3] File [C:/Users/Mohammad/Documents/Unreal Projects/DungeonsRemaster/Saved/Config/Windows/Scalability.ini]
[2020.11.04-10.33.41:089][  0]LogConfig: Setting CVar [[foliage.DensityScale:1.0]]
[2020.11.04-10.33.41:089][  0]LogConfig: Setting CVar [[grass.DensityScale:1.0]]
[2020.11.04-10.33.41:089][  0]LogConfig: Applying CVar settings from Section [ShadingQuality@3] File [C:/Users/Mohammad/Documents/Unreal Projects/DungeonsRemaster/Saved/Config/Windows/Scalability.ini]
[2020.11.04-10.33.41:089][  0]LogConfig: Setting CVar [[r.HairStrands.SkyLighting.SampleCount:16]]
[2020.11.04-10.33.41:089][  0]LogConfig: Setting CVar [[r.HairStrands.SkyLighting.JitterIntegration:0]]
[2020.11.04-10.33.41:089][  0]LogConfig: Setting CVar [[r.HairStrands.SkyAO.SampleCount:16]]
[2020.11.04-10.33.41:089][  0]LogConfig: Setting CVar [[r.HairStrands.DeepShadow.SuperSampling:0]]
[2020.11.04-10.33.41:089][  0]LogConfig: Setting CVar [[r.HairStrands.VisibilityPPLL:0]]
[2020.11.04-10.33.41:089][  0]LogConfig: Setting CVar [[r.HairStrands.RasterizationScale:0.5]]
[2020.11.04-10.33.41:089][  0]LogConfig: Setting CVar [[r.HairStrands.VelocityRasterizationScale:1]]
[2020.11.04-10.33.41:089][  0]LogInit: Selected Device Profile: [Windows]
[2020.11.04-10.33.41:089][  0]LogInit: Applying CVar settings loaded from the selected device profile: [Windows]
[2020.11.04-10.33.41:089][  0]LogHAL: Display: Platform has ~ 32 GB [34267308032 / 34359738368 / 32], which maps to Largest [LargestMinGB=32, LargerMinGB=12, DefaultMinGB=8, SmallerMinGB=6, SmallestMinGB=0)
[2020.11.04-10.33.41:090][  0]LogInit: Going up to parent DeviceProfile []
[2020.11.04-10.33.41:090][  0]LogConfig: Applying CVar settings from Section [ViewDistanceQuality@3] File [C:/Users/Mohammad/Documents/Unreal Projects/DungeonsRemaster/Saved/Config/Windows/Scalability.ini]
[2020.11.04-10.33.41:090][  0]LogConfig: Setting CVar [[r.SkeletalMeshLODBias:0]]
[2020.11.04-10.33.41:090][  0]LogConfig: Setting CVar [[r.ViewDistanceScale:1.0]]
[2020.11.04-10.33.41:090][  0]LogConfig: Applying CVar settings from Section [AntiAliasingQuality@3] File [C:/Users/Mohammad/Documents/Unreal Projects/DungeonsRemaster/Saved/Config/Windows/Scalability.ini]
[2020.11.04-10.33.41:090][  0]LogConfig: Setting CVar [[r.PostProcessAAQuality:4]]
[2020.11.04-10.33.41:090][  0]LogConfig: Applying CVar settings from Section [ShadowQuality@3] File [C:/Users/Mohammad/Documents/Unreal Projects/DungeonsRemaster/Saved/Config/Windows/Scalability.ini]
[2020.11.04-10.33.41:090][  0]LogConfig: Setting CVar [[r.LightFunctionQuality:1]]
[2020.11.04-10.33.41:090][  0]LogConfig: Setting CVar [[r.ShadowQuality:5]]
[2020.11.04-10.33.41:090][  0]LogConfig: Setting CVar [[r.Shadow.CSM.MaxCascades:10]]
[2020.11.04-10.33.41:090][  0]LogConfig: Setting CVar [[r.Shadow.MaxResolution:2048]]
[2020.11.04-10.33.41:090][  0]LogConfig: Setting CVar [[r.Shadow.MaxCSMResolution:2048]]
[2020.11.04-10.33.41:090][  0]LogConfig: Setting CVar [[r.Shadow.RadiusThreshold:0.01]]
[2020.11.04-10.33.41:090][  0]LogConfig: Setting CVar [[r.Shadow.DistanceScale:1.0]]
[2020.11.04-10.33.41:090][  0]LogConfig: Setting CVar [[r.Shadow.CSM.TransitionScale:1.0]]
[2020.11.04-10.33.41:090][  0]LogConfig: Setting CVar [[r.Shadow.PreShadowResolutionFactor:1.0]]
[2020.11.04-10.33.41:090][  0]LogConfig: Setting CVar [[r.DistanceFieldShadowing:1]]
[2020.11.04-10.33.41:090][  0]LogConfig: Setting CVar [[r.DistanceFieldAO:1]]
[2020.11.04-10.33.41:090][  0]LogConfig: Setting CVar [[r.AOQuality:2]]
[2020.11.04-10.33.41:090][  0]LogConfig: Setting CVar [[r.VolumetricFog:1]]
[2020.11.04-10.33.41:090][  0]LogConfig: Setting CVar [[r.VolumetricFog.GridPixelSize:8]]
[2020.11.04-10.33.41:090][  0]LogConfig: Setting CVar [[r.VolumetricFog.GridSizeZ:128]]
[2020.11.04-10.33.41:090][  0]LogConfig: Setting CVar [[r.VolumetricFog.HistoryMissSupersampleCount:4]]
[2020.11.04-10.33.41:090][  0]LogConfig: Setting CVar [[r.LightMaxDrawDistanceScale:1]]
[2020.11.04-10.33.41:090][  0]LogConfig: Setting CVar [[r.CapsuleShadows:1]]
[2020.11.04-10.33.41:090][  0]LogConfig: Applying CVar settings from Section [PostProcessQuality@3] File [C:/Users/Mohammad/Documents/Unreal Projects/DungeonsRemaster/Saved/Config/Windows/Scalability.ini]
[2020.11.04-10.33.41:090][  0]LogConfig: Setting CVar [[r.MotionBlurQuality:4]]
[2020.11.04-10.33.41:090][  0]LogConfig: Setting CVar [[r.AmbientOcclusionMipLevelFactor:0.4]]
[2020.11.04-10.33.41:090][  0]LogConfig: Setting CVar [[r.AmbientOcclusionMaxQuality:100]]
[2020.11.04-10.33.41:090][  0]LogConfig: Setting CVar [[r.AmbientOcclusionLevels:-1]]
[2020.11.04-10.33.41:090][  0]LogConfig: Setting CVar [[r.AmbientOcclusionRadiusScale:1.0]]
[2020.11.04-10.33.41:090][  0]LogConfig: Setting CVar [[r.DepthOfFieldQuality:2]]
[2020.11.04-10.33.41:090][  0]LogConfig: Setting CVar [[r.RenderTargetPoolMin:400]]
[2020.11.04-10.33.41:090][  0]LogConfig: Setting CVar [[r.LensFlareQuality:2]]
[2020.11.04-10.33.41:090][  0]LogConfig: Setting CVar [[r.SceneColorFringeQuality:1]]
[2020.11.04-10.33.41:090][  0]LogConfig: Setting CVar [[r.EyeAdaptationQuality:2]]
[2020.11.04-10.33.41:090][  0]LogConfig: Setting CVar [[r.BloomQuality:5]]
[2020.11.04-10.33.41:090][  0]LogConfig: Setting CVar [[r.FastBlurThreshold:100]]
[2020.11.04-10.33.41:090][  0]LogConfig: Setting CVar [[r.Upscale.Quality:3]]
[2020.11.04-10.33.41:090][  0]LogConfig: Setting CVar [[r.Tonemapper.GrainQuantization:1]]
[2020.11.04-10.33.41:090][  0]LogConfig: Setting CVar [[r.LightShaftQuality:1]]
[2020.11.04-10.33.41:090][  0]LogConfig: Setting CVar [[r.Filter.SizeScale:1]]
[2020.11.04-10.33.41:090][  0]LogConfig: Setting CVar [[r.Tonemapper.Quality:5]]
[2020.11.04-10.33.41:090][  0]LogConfig: Setting CVar [[r.DOF.Gather.AccumulatorQuality:1        ; higher gathering accumulator quality]]
[2020.11.04-10.33.41:090][  0]LogConfig: Setting CVar [[r.DOF.Gather.PostfilterMethod:1          ; Median3x3 postfilering method]]
[2020.11.04-10.33.41:090][  0]LogConfig: Setting CVar [[r.DOF.Gather.EnableBokehSettings:0       ; no bokeh simulation when gathering]]
[2020.11.04-10.33.41:090][  0]LogConfig: Setting CVar [[r.DOF.Gather.RingCount:4                 ; medium number of samples when gathering]]
[2020.11.04-10.33.41:090][  0]LogConfig: Setting CVar [[r.DOF.Scatter.ForegroundCompositing:1    ; additive foreground scattering]]
[2020.11.04-10.33.41:090][  0]LogConfig: Setting CVar [[r.DOF.Scatter.BackgroundCompositing:2    ; additive background scattering]]
[2020.11.04-10.33.41:090][  0]LogConfig: Setting CVar [[r.DOF.Scatter.EnableBokehSettings:1      ; bokeh simulation when scattering]]
[2020.11.04-10.33.41:090][  0]LogConfig: Setting CVar [[r.DOF.Scatter.MaxSpriteRatio:0.1         ; only a maximum of 10% of scattered bokeh]]
[2020.11.04-10.33.41:090][  0]LogConfig: Setting CVar [[r.DOF.Recombine.Quality:1                ; cheap slight out of focus]]
[2020.11.04-10.33.41:090][  0]LogConfig: Setting CVar [[r.DOF.Recombine.EnableBokehSettings:0    ; no bokeh simulation on slight out of focus]]
[2020.11.04-10.33.41:090][  0]LogConfig: Setting CVar [[r.DOF.TemporalAAQuality:1                ; more stable temporal accumulation]]
[2020.11.04-10.33.41:090][  0]LogConfig: Setting CVar [[r.DOF.Kernel.MaxForegroundRadius:0.025]]
[2020.11.04-10.33.41:090][  0]LogConfig: Setting CVar [[r.DOF.Kernel.MaxBackgroundRadius:0.025]]
[2020.11.04-10.33.41:090][  0]LogConfig: Applying CVar settings from Section [TextureQuality@3] File [C:/Users/Mohammad/Documents/Unreal Projects/DungeonsRemaster/Saved/Config/Windows/Scalability.ini]
[2020.11.04-10.33.41:090][  0]LogConfig: Setting CVar [[r.Streaming.MipBias:0]]
[2020.11.04-10.33.41:090][  0]LogConfig: Setting CVar [[r.Streaming.AmortizeCPUToGPUCopy:0]]
[2020.11.04-10.33.41:090][  0]LogConfig: Setting CVar [[r.Streaming.MaxNumTexturesToStreamPerFrame:0]]
[2020.11.04-10.33.41:090][  0]LogConfig: Setting CVar [[r.Streaming.Boost:1]]
[2020.11.04-10.33.41:090][  0]LogConfig: Setting CVar [[r.MaxAnisotropy:8]]
[2020.11.04-10.33.41:090][  0]LogConfig: Setting CVar [[r.VT.MaxAnisotropy:8]]
[2020.11.04-10.33.41:090][  0]LogConfig: Setting CVar [[r.Streaming.LimitPoolSizeToVRAM:0]]
[2020.11.04-10.33.41:090][  0]LogConfig: Setting CVar [[r.Streaming.PoolSize:1000]]
[2020.11.04-10.33.41:090][  0]LogConfig: Setting CVar [[r.Streaming.MaxEffectiveScreenSize:0]]
[2020.11.04-10.33.41:090][  0]LogConfig: Applying CVar settings from Section [EffectsQuality@3] File [C:/Users/Mohammad/Documents/Unreal Projects/DungeonsRemaster/Saved/Config/Windows/Scalability.ini]
[2020.11.04-10.33.41:090][  0]LogConfig: Setting CVar [[r.TranslucencyLightingVolumeDim:64]]
[2020.11.04-10.33.41:090][  0]LogConfig: Setting CVar [[r.RefractionQuality:2]]
[2020.11.04-10.33.41:090][  0]LogConfig: Setting CVar [[r.SSR.Quality:3]]
[2020.11.04-10.33.41:090][  0]LogConfig: Setting CVar [[r.SSR.HalfResSceneColor:0]]
[2020.11.04-10.33.41:090][  0]LogConfig: Setting CVar [[r.SceneColorFormat:4]]
[2020.11.04-10.33.41:090][  0]LogConfig: Setting CVar [[r.DetailMode:2]]
[2020.11.04-10.33.41:090][  0]LogConfig: Setting CVar [[r.TranslucencyVolumeBlur:1]]
[2020.11.04-10.33.41:090][  0]LogConfig: Setting CVar [[r.MaterialQualityLevel:1 ; High quality]]
[2020.11.04-10.33.41:090][  0]LogConfig: Setting CVar [[r.SSS.Scale:1]]
[2020.11.04-10.33.41:090][  0]LogConfig: Setting CVar [[r.SSS.SampleSet:2]]
[2020.11.04-10.33.41:090][  0]LogConfig: Setting CVar [[r.SSS.Quality:1]]
[2020.11.04-10.33.41:090][  0]LogConfig: Setting CVar [[r.SSS.HalfRes:0]]
[2020.11.04-10.33.41:090][  0]LogConfig: Setting CVar [[r.SSGI.Quality:3]]
[2020.11.04-10.33.41:090][  0]LogConfig: Setting CVar [[r.EmitterSpawnRateScale:1.0]]
[2020.11.04-10.33.41:090][  0]LogConfig: Setting CVar [[r.ParticleLightQuality:2]]
[2020.11.04-10.33.41:090][  0]LogConfig: Setting CVar [[r.SkyAtmosphere.AerialPerspectiveLUT.FastApplyOnOpaque:1 ; Always have FastSkyLUT 1 in this case to avoid wrong sky]]
[2020.11.04-10.33.41:090][  0]LogConfig: Setting CVar [[r.SkyAtmosphere.AerialPerspectiveLUT.SampleCountPerSlice:1]]
[2020.11.04-10.33.41:090][  0]LogConfig: Setting CVar [[r.SkyAtmosphere.AerialPerspectiveLUT.DepthResolution:16.0]]
[2020.11.04-10.33.41:090][  0]LogConfig: Setting CVar [[r.SkyAtmosphere.FastSkyLUT:1]]
[2020.11.04-10.33.41:090][  0]LogConfig: Setting CVar [[r.SkyAtmosphere.FastSkyLUT.SampleCountMin:4.0]]
[2020.11.04-10.33.41:090][  0]LogConfig: Setting CVar [[r.SkyAtmosphere.FastSkyLUT.SampleCountMax:32.0]]
[2020.11.04-10.33.41:090][  0]LogConfig: Setting CVar [[r.SkyAtmosphere.SampleCountMin:4.0]]
[2020.11.04-10.33.41:090][  0]LogConfig: Setting CVar [[r.SkyAtmosphere.SampleCountMax:32.0]]
[2020.11.04-10.33.41:091][  0]LogConfig: Setting CVar [[r.SkyAtmosphere.TransmittanceLUT.UseSmallFormat:0]]
[2020.11.04-10.33.41:091][  0]LogConfig: Setting CVar [[r.SkyAtmosphere.TransmittanceLUT.SampleCount:10.0]]
[2020.11.04-10.33.41:091][  0]LogConfig: Setting CVar [[r.SkyAtmosphere.MultiScatteringLUT.SampleCount:15.0]]
[2020.11.04-10.33.41:091][  0]LogConfig: Applying CVar settings from Section [FoliageQuality@3] File [C:/Users/Mohammad/Documents/Unreal Projects/DungeonsRemaster/Saved/Config/Windows/Scalability.ini]
[2020.11.04-10.33.41:091][  0]LogConfig: Setting CVar [[foliage.DensityScale:1.0]]
[2020.11.04-10.33.41:091][  0]LogConfig: Setting CVar [[grass.DensityScale:1.0]]
[2020.11.04-10.33.41:091][  0]LogConfig: Applying CVar settings from Section [ShadingQuality@3] File [C:/Users/Mohammad/Documents/Unreal Projects/DungeonsRemaster/Saved/Config/Windows/Scalability.ini]
[2020.11.04-10.33.41:091][  0]LogConfig: Setting CVar [[r.HairStrands.SkyLighting.SampleCount:16]]
[2020.11.04-10.33.41:091][  0]LogConfig: Setting CVar [[r.HairStrands.SkyLighting.JitterIntegration:0]]
[2020.11.04-10.33.41:091][  0]LogConfig: Setting CVar [[r.HairStrands.SkyAO.SampleCount:16]]
[2020.11.04-10.33.41:091][  0]LogConfig: Setting CVar [[r.HairStrands.DeepShadow.SuperSampling:0]]
[2020.11.04-10.33.41:091][  0]LogConfig: Setting CVar [[r.HairStrands.VisibilityPPLL:0]]
[2020.11.04-10.33.41:091][  0]LogConfig: Setting CVar [[r.HairStrands.RasterizationScale:0.5]]
[2020.11.04-10.33.41:091][  0]LogConfig: Setting CVar [[r.HairStrands.VelocityRasterizationScale:1]]
[2020.11.04-10.33.41:091][  0]LogConfig: Applying CVar settings from Section [Startup] File [../../../Engine/Config/ConsoleVariables.ini]
[2020.11.04-10.33.41:091][  0]LogConfig: Setting CVar [[net.UseAdaptiveNetUpdateFrequency:0]]
[2020.11.04-10.33.41:091][  0]LogConfig: Setting CVar [[p.chaos.AllowCreatePhysxBodies:1]]
[2020.11.04-10.33.41:091][  0]LogConfig: Setting CVar [[fx.SkipVectorVMBackendOptimizations:1]]
[2020.11.04-10.33.41:091][  0]LogConfig: Applying CVar settings from Section [ConsoleVariables] File [C:/Users/Mohammad/Documents/Unreal Projects/DungeonsRemaster/Saved/Config/Windows/Engine.ini]
[2020.11.04-10.33.41:091][  0]LogInit: Computer: CARBONITE
[2020.11.04-10.33.41:091][  0]LogInit: User: Mohawesome
[2020.11.04-10.33.41:091][  0]LogInit: CPU Page size=4096, Cores=6
[2020.11.04-10.33.41:091][  0]LogInit: High frequency timer resolution =10.000000 MHz
[2020.11.04-10.33.41:091][  0]LogMemory: Memory total: Physical=31.9GB (32GB approx)
[2020.11.04-10.33.41:091][  0]LogMemory: Platform Memory Stats for Windows
[2020.11.04-10.33.41:091][  0]LogMemory: Process Physical Memory: 115.50 MB used, 115.50 MB peak
[2020.11.04-10.33.41:091][  0]LogMemory: Process Virtual Memory: 105.62 MB used, 105.62 MB peak
[2020.11.04-10.33.41:091][  0]LogMemory: Physical Memory: 10079.29 MB used,  22600.56 MB free, 32679.85 MB total
[2020.11.04-10.33.41:091][  0]LogMemory: Virtual Memory: 5173.11 MB used,  134212552.00 MB free, 134217728.00 MB total
[2020.11.04-10.33.41:096][  0]LogWindows: WindowsPlatformFeatures enabled
[2020.11.04-10.33.41:137][  0]LogInit: Physics initialised using underlying interface: PhysX
[2020.11.04-10.33.41:140][  0]LogInit: Using OS detected language (en-GB).
[2020.11.04-10.33.41:140][  0]LogInit: Using OS detected locale (en-GB).
[2020.11.04-10.33.41:144][  0]LogTextLocalizationManager: No specific localization for 'en-GB' exists, so the 'en' localization will be used.
[2020.11.04-10.33.41:315][  0]LogInit: Setting process to per monitor DPI aware
[2020.11.04-10.33.41:345][  0]LogSlate: New Slate User Created.  User Index 0, Is Virtual User: 0
[2020.11.04-10.33.41:345][  0]LogSlate: Slate User Registered.  User Index 0, Is Virtual User: 0
[2020.11.04-10.33.41:499][  0]LogHMD: Failed to initialize OpenVR with code 110
[2020.11.04-10.33.41:500][  0]LogD3D11RHI: D3D11 min allowed feature level: 11_0
[2020.11.04-10.33.41:500][  0]LogD3D11RHI: D3D11 max allowed feature level: 11_0
[2020.11.04-10.33.41:500][  0]LogD3D11RHI: D3D11 adapters:
[2020.11.04-10.33.41:566][  0]LogD3D11RHI:    0. 'NVIDIA GeForce GTX 960' (Feature Level 11_0)
[2020.11.04-10.33.41:566][  0]LogD3D11RHI:       2007/0/16339 MB DedicatedVideo/DedicatedSystem/SharedSystem, Outputs:2, VendorId:0x10de
[2020.11.04-10.33.41:568][  0]LogD3D11RHI:    1. 'Microsoft Basic Render Driver' (Feature Level 11_0)
[2020.11.04-10.33.41:568][  0]LogD3D11RHI:       0/0/16339 MB DedicatedVideo/DedicatedSystem/SharedSystem, Outputs:0, VendorId:0x1414
[2020.11.04-10.33.41:568][  0]LogD3D11RHI: Chosen D3D11 Adapter: 0
[2020.11.04-10.33.41:576][  0]LogD3D11RHI: Creating new Direct3DDevice
[2020.11.04-10.33.41:576][  0]LogD3D11RHI:     GPU DeviceId: 0x1401 (for the marketing name, search the web for "GPU Device Id")
[2020.11.04-10.33.41:576][  0]LogWindows: EnumDisplayDevices:
[2020.11.04-10.33.41:576][  0]LogWindows:    0. 'NVIDIA GeForce GTX 960' (P:0 D:1)
[2020.11.04-10.33.41:576][  0]LogWindows:    1. 'NVIDIA GeForce GTX 960' (P:1 D:1)
[2020.11.04-10.33.41:576][  0]LogWindows:    2. 'NVIDIA GeForce GTX 960' (P:0 D:0)
[2020.11.04-10.33.41:576][  0]LogWindows:    3. 'NVIDIA GeForce GTX 960' (P:0 D:0)
[2020.11.04-10.33.41:577][  0]LogWindows: DebugString: FoundDriverCount:4 
[2020.11.04-10.33.41:577][  0]LogD3D11RHI:     Adapter Name: NVIDIA GeForce GTX 960
[2020.11.04-10.33.41:577][  0]LogD3D11RHI:   Driver Version: 456.71 (internal:27.21.14.5671, unified:456.71)
[2020.11.04-10.33.41:577][  0]LogD3D11RHI:      Driver Date: 9-30-2020
[2020.11.04-10.33.41:577][  0]LogRHI: Texture pool is 1405 MB (70% of 2007 MB)
[2020.11.04-10.33.41:611][  0]LogD3D11RHI: RHI has support for 64 bit atomics
[2020.11.04-10.33.41:611][  0]LogD3D11RHI: Async texture creation enabled
[2020.11.04-10.33.41:611][  0]LogD3D11RHI: Array index from any shader is supported
[2020.11.04-10.33.41:636][  0]LogD3D11RHI: GPU Timing Frequency: 1000.000000 (Debug: 2 1)
[2020.11.04-10.33.41:881][  0]LogTargetPlatformManager: Display: Loaded TargetPlatform 'AllDesktop'
[2020.11.04-10.33.41:902][  0]LogTargetPlatformManager: Display: Loaded TargetPlatform 'Android'
[2020.11.04-10.33.41:902][  0]LogTargetPlatformManager: Display: Loaded TargetPlatform 'Android_ASTC'
[2020.11.04-10.33.41:902][  0]LogTargetPlatformManager: Display: Loaded TargetPlatform 'Android_DXT'
[2020.11.04-10.33.41:902][  0]LogTargetPlatformManager: Display: Loaded TargetPlatform 'Android_ETC2'
[2020.11.04-10.33.41:902][  0]LogTargetPlatformManager: Display: Loaded TargetPlatform 'AndroidClient'
[2020.11.04-10.33.41:902][  0]LogTargetPlatformManager: Display: Loaded TargetPlatform 'Android_ASTCClient'
[2020.11.04-10.33.41:902][  0]LogTargetPlatformManager: Display: Loaded TargetPlatform 'Android_DXTClient'
[2020.11.04-10.33.41:902][  0]LogTargetPlatformManager: Display: Loaded TargetPlatform 'Android_ETC2Client'
[2020.11.04-10.33.41:903][  0]LogTargetPlatformManager: Display: Loaded TargetPlatform 'Android_Multi'
[2020.11.04-10.33.41:903][  0]LogTargetPlatformManager: Display: Loaded TargetPlatform 'Android_MultiClient'
[2020.11.04-10.33.41:926][  0]LogTargetPlatformManager: Display: Loaded TargetPlatform 'IOSClient'
[2020.11.04-10.33.41:926][  0]LogTargetPlatformManager: Display: Loaded TargetPlatform 'IOS'
[2020.11.04-10.33.41:936][  0]LogTargetPlatformManager: Display: Loaded TargetPlatform 'Linux'
[2020.11.04-10.33.41:946][  0]LogTargetPlatformManager: Display: Loaded TargetPlatform 'LinuxNoEditor'
[2020.11.04-10.33.41:955][  0]LogTargetPlatformManager: Display: Loaded TargetPlatform 'LinuxClient'
[2020.11.04-10.33.41:965][  0]LogTargetPlatformManager: Display: Loaded TargetPlatform 'LinuxServer'
[2020.11.04-10.33.41:974][  0]LogTargetPlatformManager: Display: Loaded TargetPlatform 'LinuxAArch64NoEditor'
[2020.11.04-10.33.41:983][  0]LogTargetPlatformManager: Display: Loaded TargetPlatform 'LinuxAArch64Client'
[2020.11.04-10.33.41:994][  0]LogTargetPlatformManager: Display: Loaded TargetPlatform 'LinuxAArch64Server'
[2020.11.04-10.33.42:020][  0]LogTargetPlatformManager: Display: Loaded TargetPlatform 'Lumin'
[2020.11.04-10.33.42:020][  0]LogTargetPlatformManager: Display: Loaded TargetPlatform 'LuminClient'
[2020.11.04-10.33.42:035][  0]LogTargetPlatformManager: Display: Loaded TargetPlatform 'TVOSClient'
[2020.11.04-10.33.42:035][  0]LogTargetPlatformManager: Display: Loaded TargetPlatform 'TVOS'
[2020.11.04-10.33.42:044][  0]LogTargetPlatformManager: Display: Loaded TargetPlatform 'WindowsNoEditor'
[2020.11.04-10.33.42:052][  0]LogTargetPlatformManager: Display: Loaded TargetPlatform 'Windows'
[2020.11.04-10.33.42:061][  0]LogTargetPlatformManager: Display: Loaded TargetPlatform 'WindowsClient'
[2020.11.04-10.33.42:070][  0]LogTargetPlatformManager: Display: Loaded TargetPlatform 'WindowsServer'
[2020.11.04-10.33.42:070][  0]LogTargetPlatformManager: Display: Building Assets For Windows
[2020.11.04-10.33.42:077][  0]LogAudioDebug: Display: Lib vorbis DLL was dynamically loaded.
[2020.11.04-10.33.42:131][  0]LogShaderCompilers: Guid format shader working directory is -24 characters bigger than the processId version (../../../../../Users/Mohammad/Documents/Unreal Projects/DungeonsRemaster/Intermediate/Shaders/WorkingDirectory/16816/).
[2020.11.04-10.33.42:131][  0]LogShaderCompilers: Cleaned the shader compiler working directory 'C:/Users/Mohammad/AppData/Local/Temp/UnrealShaderWorkingDir/E8640E4C495ED9EC02CE57A5716D7474/'.
[2020.11.04-10.33.42:131][  0]LogXGEController: Cleaning working directory: C:/Users/Mohammad/AppData/Local/Temp/UnrealXGEWorkingDir/
[2020.11.04-10.33.42:131][  0]LogXGEController: Cannot use XGE Controller as Incredibuild is not installed on this machine.
[2020.11.04-10.33.42:131][  0]LogShaderCompilers: Cannot use XGE Shader Compiler as Incredibuild is not installed on this machine.
[2020.11.04-10.33.42:131][  0]LogShaderCompilers: Display: Using Local Shader Compiler.
[2020.11.04-10.33.42:836][  0]LogDerivedDataCache: Display: Max Cache Size: 512 MB
[2020.11.04-10.33.42:878][  0]LogDerivedDataCache: Loaded boot cache 0.04s 75MB C:/Users/Mohammad/AppData/Local/UnrealEngine/4.25/DerivedDataCache/Boot.ddc.
[2020.11.04-10.33.42:878][  0]LogDerivedDataCache: Display: Loaded Boot cache: C:/Users/Mohammad/AppData/Local/UnrealEngine/4.25/DerivedDataCache/Boot.ddc
[2020.11.04-10.33.42:878][  0]LogDerivedDataCache: FDerivedDataBackendGraph:  Pak pak cache file ../../../../../Users/Mohammad/Documents/Unreal Projects/DungeonsRemaster/DerivedDataCache/DDC.ddp not found, will not use a pak cache.
[2020.11.04-10.33.42:878][  0]LogDerivedDataCache: Unable to find inner node Pak for hierarchical cache Hierarchy.
[2020.11.04-10.33.42:878][  0]LogDerivedDataCache: FDerivedDataBackendGraph:  CompressedPak pak cache file ../../../../../Users/Mohammad/Documents/Unreal Projects/DungeonsRemaster/DerivedDataCache/Compressed.ddp not found, will not use a pak cache.
[2020.11.04-10.33.42:878][  0]LogDerivedDataCache: Unable to find inner node CompressedPak for hierarchical cache Hierarchy.
[2020.11.04-10.33.42:888][  0]LogDerivedDataCache: Display: Pak cache opened for reading ../../../Engine/DerivedDataCache/Compressed.ddp.
[2020.11.04-10.33.42:889][  0]LogDerivedDataCache: FDerivedDataBackendGraph:  EnterprisePak pak cache file ../../../Enterprise/DerivedDataCache/Compressed.ddp not found, will not use a pak cache.
[2020.11.04-10.33.42:889][  0]LogDerivedDataCache: Unable to find inner node EnterprisePak for hierarchical cache Hierarchy.
[2020.11.04-10.33.42:890][  0]LogDerivedDataCache: Using Local data cache path C:/Users/Mohammad/AppData/Local/UnrealEngine/Common/DerivedDataCache: Writable
[2020.11.04-10.33.42:890][  0]LogDerivedDataCache: Shared data cache path not found in *engine.ini, will not use an Shared cache.
[2020.11.04-10.33.42:890][  0]LogDerivedDataCache: Unable to find inner node Shared for hierarchical cache Hierarchy.
[2020.11.04-10.33.42:934][  0]LogSlate: Using FreeType 2.10.0
[2020.11.04-10.33.42:935][  0]LogSlate: SlateFontServices - WITH_FREETYPE: 1, WITH_HARFBUZZ: 1
[2020.11.04-10.33.42:956][  0]LogAssetRegistry: FAssetRegistry took 0.0024 seconds to start up
[2020.11.04-10.33.43:222][  0]LogInit: Selected Device Profile: [Windows]
[2020.11.04-10.33.43:339][  0]LogMeshReduction: Using QuadricMeshReduction for automatic static mesh reduction
[2020.11.04-10.33.43:339][  0]LogMeshReduction: Using SimplygonMeshReduction for automatic skeletal mesh reduction
[2020.11.04-10.33.43:339][  0]LogMeshReduction: Using ProxyLODMeshReduction for automatic mesh merging
[2020.11.04-10.33.43:339][  0]LogMeshReduction: No distributed automatic mesh merging module available
[2020.11.04-10.33.43:339][  0]LogMeshMerging: No distributed automatic mesh merging module available
[2020.11.04-10.33.43:359][  0]LogNetVersion: DungeonsRemaster 1.0.0, NetCL: 13144385, EngineNetVer: 14, GameNetVer: 0 (Checksum: 192798638)
[2020.11.04-10.33.43:755][  0]LogAISub: UAISubsystem::UAISubsystem AISubsystem (0000027F45239380), frame # 0
[2020.11.04-10.33.43:755][  0]LogAISub: UAISubsystem::UAISubsystem AIPerceptionSystem (0000027F451B4680), frame # 0
[2020.11.04-10.33.43:757][  0]LogAISub: UAISubsystem::UAISubsystem EnvQueryManager (0000027F451D5E00), frame # 0
[2020.11.04-10.33.43:838][  0]LogPackageLocalizationCache: Processed 19 localized package path(s) for 1 prioritized culture(s) in 0.074918 seconds
[2020.11.04-10.33.43:844][  0]LogUObjectArray: 15917 objects as part of root set at end of initial load.
[2020.11.04-10.33.43:844][  0]LogUObjectAllocator: 3965568 out of 0 bytes used by permanent object pool.
[2020.11.04-10.33.43:844][  0]LogUObjectArray: CloseDisregardForGC: 0/0 objects in disregard for GC pool
[2020.11.04-10.33.44:186][  0]LogTcpMessaging: Initializing TcpMessaging bridge
[2020.11.04-10.33.44:190][  0]LogUdpMessaging: Initializing bridge on interface 0.0.0.0:0 to multicast group 230.0.0.1:6666.
[2020.11.04-10.33.44:260][  0]SourceControl: Source control is disabled
[2020.11.04-10.33.44:260][  0]SourceControl: Source control is disabled
[2020.11.04-10.33.44:263][  0]SourceControl: Source control is disabled
[2020.11.04-10.33.44:266][  0]SourceControl: Source control is disabled
[2020.11.04-10.33.44:272][  0]SourceControl: Source control is disabled
[2020.11.04-10.33.44:529][  0]LogAndroidPermission: UAndroidPermissionCallbackProxy::GetInstance
[2020.11.04-10.33.44:554][  0]LogAudioCaptureCore: Display: No Audio Capture implementations found. Audio input will be silent.
[2020.11.04-10.33.44:554][  0]LogAudioCaptureCore: Display: No Audio Capture implementations found. Audio input will be silent.
[2020.11.04-10.33.44:607][  0]LogOcInput: OculusInput pre-init called
[2020.11.04-10.33.44:619][  0]LogWindows: Failed to load 'OVRPlugin.dll' (GetLastError=126)
[2020.11.04-10.33.44:619][  0]LogWindows: File 'OVRPlugin.dll' does not exist
[2020.11.04-10.33.44:681][  0]LogEngine: Initializing Engine...
[2020.11.04-10.33.44:683][  0]LogHMD: Failed to initialize OpenVR with code 110
[2020.11.04-10.33.44:683][  0]LogMagicLeap: Warning: VR disabled because ZI is not enabled.  To enable, in the editor, Edit -> Project Settings -> Plugins -> Magic Leap Plugin -> Enable Zero Iteration
[2020.11.04-10.33.44:684][  0]LogStats: UGameplayTagsManager::InitializeManager -  0.000 s
[2020.11.04-10.33.44:821][  0]LogInit: Initializing FReadOnlyCVARCache
[2020.11.04-10.33.44:830][  0]LogAIModule: Creating AISystem for world Untitled
[2020.11.04-10.33.44:830][  0]LogAISub: UAISubsystem::UAISubsystem EnvQueryManager (0000027F4C168600), frame # 0
[2020.11.04-10.33.44:830][  0]LogAISub: UAISubsystem::UAISubsystem AIPerceptionSystem (0000027F4C162480), frame # 0
[2020.11.04-10.33.44:834][  0]LogAudioMixer: Display: Audio Mixer Platform Settings:
[2020.11.04-10.33.44:834][  0]LogAudioMixer: Display: 	Sample Rate:						  48000
[2020.11.04-10.33.44:834][  0]LogAudioMixer: Display: 	Callback Buffer Frame Size Requested: 1024
[2020.11.04-10.33.44:834][  0]LogAudioMixer: Display: 	Callback Buffer Frame Size To Use:	  1024
[2020.11.04-10.33.44:834][  0]LogAudioMixer: Display: 	Number of buffers to queue:			  2
[2020.11.04-10.33.44:834][  0]LogAudioMixer: Display: 	Max Channels (voices):				  32
[2020.11.04-10.33.44:834][  0]LogAudioMixer: Display: 	Number of Async Source Workers:		  0
[2020.11.04-10.33.44:834][  0]LogAudio: Display: AudioDevice MaxSources: 32
[2020.11.04-10.33.44:834][  0]LogAudio: Display: Using built-in audio occlusion.
[2020.11.04-10.33.44:834][  0]LogAudioMixer: Display: Initializing audio mixer.
[2020.11.04-10.33.44:845][  0]LogAudioMixer: Display: 0: FrontLeft
[2020.11.04-10.33.44:845][  0]LogAudioMixer: Display: 1: FrontRight
[2020.11.04-10.33.44:877][  0]LogAudioMixer: Display: Using Audio Device Headphones (High Definition Audio Device)
[2020.11.04-10.33.44:878][  0]LogAudioMixer: Display: Initializing Sound Submixes...
[2020.11.04-10.33.44:880][  0]LogAudioMixer: Display: Creating Master Submix 'MasterSubmixDefault'
[2020.11.04-10.33.44:880][  0]LogAudioMixer: Display: Creating Master Submix 'MasterReverbSubmixDefault'
[2020.11.04-10.33.44:881][  0]LogAudioMixer: Display: Creating Master Submix 'MasterEQSubmixDefault'
[2020.11.04-10.33.44:882][  0]LogInit: FAudioDevice initialized.
[2020.11.04-10.33.44:882][  0]LogNetVersion: Set ProjectVersion to 1.0.0.0. Version Checksum will be recalculated on next use.
[2020.11.04-10.33.44:961][  0]LogDerivedDataCache: Saved boot cache 0.08s 75MB C:/Users/Mohammad/AppData/Local/UnrealEngine/4.25/DerivedDataCache/Boot.ddc.
[2020.11.04-10.33.44:967][  0]LogInit: Texture streaming: Enabled
[2020.11.04-10.33.44:983][  0]LogEngineSessionManager: EngineSessionManager initialized
[2020.11.04-10.33.44:983][  0]LogEditorSessionSummary: Verbose: Initializing EditorSessionSummaryWriter for editor session tracking
[2020.11.04-10.33.44:985][  0]LogEditorSessionSummary: EditorSessionSummaryWriter initialized
[2020.11.04-10.33.45:056][  0]LogInit: Transaction tracking system initialized
[2020.11.04-10.33.45:080][  0]BlueprintLog: New page: Editor Load
[2020.11.04-10.33.45:154][  0]LocalizationService: Localization service is disabled
[2020.11.04-10.33.45:306][  0]LogCook: Display: Max memory allowance for cook 16384mb min free memory 0mb
[2020.11.04-10.33.45:306][  0]LogCook: Display: Mobile HDR setting 1
[2020.11.04-10.33.45:432][  0]LogFileCache: Scanning file cache for directory 'C:/Users/Mohammad/Documents/Unreal Projects/DungeonsRemaster/Content/' took 0.04s
[2020.11.04-10.33.45:599][  0]SourceControl: Source control is disabled
[2020.11.04-10.33.45:599][  0]LogUnrealEdMisc: Loading editor; pre map load, took 5.897
[2020.11.04-10.33.45:599][  0]Cmd: MAP LOAD FILE="../../../../../Users/Mohammad/Documents/Unreal Projects/DungeonsRemaster/Content/Maps/TestingLevel.umap" TEMPLATE=0 SHOWPROGRESS=1 FEATURELEVEL=3
[2020.11.04-10.33.45:599][  0]LightingResults: New page: Lighting Build
[2020.11.04-10.33.45:600][  0]LogWorld: UWorld::CleanupWorld for Untitled, bSessionEnded=true, bCleanupResources=true
[2020.11.04-10.33.45:600][  0]LogSlate: InvalidateAllWidgets triggered.  All widgets were invalidated
[2020.11.04-10.33.45:600][  0]MapCheck: New page: Map Check
[2020.11.04-10.33.45:600][  0]LightingResults: New page: Lighting Build
[2020.11.04-10.33.45:612][  0]LogAISub: UAISubsystem::~UAISubsystem EnvQueryManager (0000027F4C168600), frame # 0
[2020.11.04-10.33.45:612][  0]LogAISub: UAISubsystem::~UAISubsystem AIPerceptionSystem (0000027F4C162480), frame # 0
[2020.11.04-10.33.45:612][  0]LogUObjectHash: Compacting FUObjectHashTables data took   0.67ms
[2020.11.04-10.33.47:568][  0]LogAIModule: Creating AISystem for world TestingLevel
[2020.11.04-10.33.47:569][  0]LogAISub: UAISubsystem::UAISubsystem EnvQueryManager (0000027F3B4DFE00), frame # 0
[2020.11.04-10.33.47:569][  0]LogAISub: UAISubsystem::UAISubsystem AIPerceptionSystem (0000027F3B4FBB00), frame # 0
[2020.11.04-10.33.47:575][  0]LogEditorServer: Finished looking for orphan Actors (0.000 secs)
[2020.11.04-10.33.47:592][  0]LogUObjectHash: Compacting FUObjectHashTables data took   1.17ms
[2020.11.04-10.33.47:597][  0]Cmd: MAP CHECKDEP NOCLEARLOG
[2020.11.04-10.33.47:597][  0]MapCheck: Map check complete: 0 Error(s), 0 Warning(s), took 0.121ms to complete.
[2020.11.04-10.33.47:597][  0]LogFileHelpers: Loading map 'TestingLevel' took 1.998
[2020.11.04-10.33.47:599][  0]LogUnrealEdMisc: Total Editor Startup Time, took 7.897
[2020.11.04-10.33.47:714][  0]LogSlate: Updating window title bar state: overlay mode, drag disabled, window buttons hidden, title bar hidden
[2020.11.04-10.33.47:721][  0]LogSlate: Updating window title bar state: overlay mode, drag disabled, window buttons hidden, title bar hidden
[2020.11.04-10.33.47:728][  0]LogSlate: Updating window title bar state: overlay mode, drag disabled, window buttons hidden, title bar hidden
[2020.11.04-10.33.47:734][  0]LogSlate: Updating window title bar state: overlay mode, drag disabled, window buttons hidden, title bar hidden
[2020.11.04-10.33.47:741][  0]LogCollectionManager: Loaded 0 collections in 0.001879 seconds
[2020.11.04-10.33.47:755][  0]LogFileCache: Scanning file cache for directory 'C:/Users/Mohammad/Documents/Unreal Projects/DungeonsRemaster/Saved/Collections/' took 0.00s
[2020.11.04-10.33.47:755][  0]LogFileCache: Scanning file cache for directory 'C:/Users/Mohammad/Documents/Unreal Projects/DungeonsRemaster/Content/Developers/Mohawesome/Collections/' took 0.00s
[2020.11.04-10.33.47:755][  0]LogFileCache: Scanning file cache for directory 'C:/Users/Mohammad/Documents/Unreal Projects/DungeonsRemaster/Content/Collections/' took 0.00s
[2020.11.04-10.33.47:755][  0]LogContentBrowser: Native class hierarchy populated in 0.0091 seconds. Added 3427 classes and 821 folders.
[2020.11.04-10.33.47:758][  0]LogContentBrowser: Native class hierarchy updated for 'WidgetCarousel' in 0.0003 seconds. Added 0 classes and 0 folders.
[2020.11.04-10.33.47:801][  0]LogContentBrowser: Native class hierarchy updated for 'AddContentDialog' in 0.0003 seconds. Added 0 classes and 0 folders.
[2020.11.04-10.33.47:802][  0]LogContentBrowser: Native class hierarchy updated for 'SceneOutliner' in 0.0002 seconds. Added 2 classes and 0 folders.
[2020.11.04-10.33.47:933][  0]LogSlate: Took 0.000165 seconds to synchronously load lazily loaded font '../../../Engine/Content/Slate/Fonts/Roboto-Regular.ttf' (155K)
[2020.11.04-10.33.47:937][  0]LogSlate: Took 0.000140 seconds to synchronously load lazily loaded font '../../../Engine/Content/Slate/Fonts/Roboto-Bold.ttf' (160K)
[2020.11.04-10.33.47:939][  0]LogSlate: Took 0.000139 seconds to synchronously load lazily loaded font '../../../Engine/Content/Editor/Slate/Fonts/FontAwesome.ttf' (139K)
[2020.11.04-10.33.48:006][  0]LogRenderer: Reallocating scene render targets to support 1620x808 Format 10 NumSamples 1 (Frame:1).
[2020.11.04-10.33.48:302][  0]LogContentBrowser: Native class hierarchy updated for 'HierarchicalLODOutliner' in 0.0004 seconds. Added 0 classes and 0 folders.
[2020.11.04-10.33.48:302][  0]LogLoad: (Engine Initialization) Total time: 8.60 seconds
[2020.11.04-10.33.48:302][  0]LogLoad: (Engine Initialization) Total Blueprint compile time: 0.00 seconds
[2020.11.04-10.33.48:363][  0]LogContentStreaming: Texture pool size now 1000 MB
[2020.11.04-10.33.48:397][  0]LogSlate: Took 0.000140 seconds to synchronously load lazily loaded font '../../../Engine/Content/Slate/Fonts/Roboto-Light.ttf' (167K)
[2020.11.04-10.33.48:446][  1]LogAssetRegistry: Asset discovery search completed in 5.4907 seconds
[2020.11.04-10.33.48:450][  1]LogCollectionManager: Fixed up redirectors for 0 collections in 0.000002 seconds (updated 0 objects)
[2020.11.04-10.33.49:802][  4]LogSlate: Took 0.000188 seconds to synchronously load lazily loaded font '../../../Engine/Content/Slate/Fonts/Roboto-Light.ttf' (167K)
[2020.11.04-10.33.55:899][513]LogAssetEditorSubsystem: Opening Asset editor for Blueprint /Game/Main/Paladin/ANS_PaladinPrimary.ANS_PaladinPrimary
[2020.11.04-10.33.56:009][513]LogContentBrowser: Native class hierarchy updated for 'BlueprintGraph' in 0.0006 seconds. Added 125 classes and 0 folders.
[2020.11.04-10.33.56:820][513]LogAssetEditorSubsystem: Opening Asset editor for Blueprint /Game/Main/Paladin/Player_Paladin.Player_Paladin
[2020.11.04-10.33.57:278][513]LogAssetEditorSubsystem: Opening Asset editor for AnimMontage /Game/Main/Paladin/Paladin_PrimaryAttack.Paladin_PrimaryAttack
[2020.11.04-10.33.57:295][513]LogContentBrowser: Native class hierarchy updated for 'SkeletonEditor' in 0.0003 seconds. Added 1 classes and 2 folders.
[2020.11.04-10.33.57:489][513]LogActorComponent: RegisterComponentWithWorld: (/Engine/Transient.World_6:PersistentLevel.AnimationEditorPreviewActor_0.DebugSkelMeshComponent_0) Already registered. Aborting.
[2020.11.04-10.33.57:493][513]LogContentBrowser: Native class hierarchy updated for 'PinnedCommandList' in 0.0003 seconds. Added 1 classes and 0 folders.
[2020.11.04-10.33.57:551][513]LogSkeletalMesh: USkeletalMeshComponent::InitArticulated : Bodies already created (/Engine/Transient.World_6:PersistentLevel.AnimationEditorPreviewActor_0.DebugSkelMeshComponent_0) - call TermArticulated first.
[2020.11.04-10.33.57:848][513]LogAssetEditorSubsystem: Opening Asset editor for Blueprint /Game/Main/Interfaces/INT_PlayerCharacter.INT_PlayerCharacter
[2020.11.04-10.33.58:173][513]LogAssetEditorSubsystem: Opening Asset editor for Blueprint /Game/Main/BP_EnemyBase.BP_EnemyBase
[2020.11.04-10.33.58:513][513]LogAssetEditorSubsystem: Opening Asset editor for Blueprint /Game/Main/BP_BaseCharacter.BP_BaseCharacter
[2020.11.04-10.33.59:284][513]LogSlate: Took 0.000155 seconds to synchronously load lazily loaded font '../../../Engine/Content/Slate/Fonts/Roboto-BoldCondensed.ttf' (158K)
[2020.11.04-10.33.59:384][514]LogSlate: Took 0.006267 seconds to synchronously load lazily loaded font '../../../Engine/Content/Slate/Fonts/Roboto-Italic.ttf' (157K)
[2020.11.04-10.34.08:200][ 57]LogSlate: Window 'BP_BaseCharacter' being destroyed
[2020.11.04-10.34.08:204][ 57]LogSlate: Window 'BP_BaseCharacter' being destroyed
[2020.11.04-10.34.08:221][ 57]LogWorld: UWorld::CleanupWorld for World_4, bSessionEnded=true, bCleanupResources=true
[2020.11.04-10.34.08:221][ 57]LogSlate: InvalidateAllWidgets triggered.  All widgets were invalidated
[2020.11.04-10.34.08:285][ 57]LogWorld: UWorld::CleanupWorld for World_10, bSessionEnded=true, bCleanupResources=true
[2020.11.04-10.34.08:285][ 57]LogSlate: InvalidateAllWidgets triggered.  All widgets were invalidated
[2020.11.04-10.34.12:370][496]LogTemp: Repeating last play command: Selected Viewport
[2020.11.04-10.34.12:387][496]LogPlayLevel: PlayLevel: No blueprints needed recompiling
[2020.11.04-10.34.12:388][496]PIE: New page: PIE session: TestingLevel (4 Nov 2020, 10:34:12)
[2020.11.04-10.34.12:389][496]LogOnline: OSS: Creating online subsystem instance for: NULL
[2020.11.04-10.34.12:390][496]LogOnline: OSS: TryLoadSubsystemAndSetDefault: Loaded subsystem for module [NULL]
[2020.11.04-10.34.12:390][496]LogPlayLevel: Creating play world package: /Game/Maps/UEDPIE_0_TestingLevel
[2020.11.04-10.34.12:392][496]LogPlayLevel: PIE: StaticDuplicateObject took: (0.002627s)
[2020.11.04-10.34.12:393][496]LogAIModule: Creating AISystem for world TestingLevel
[2020.11.04-10.34.12:393][496]LogAISub: UAISubsystem::UAISubsystem EnvQueryManager (0000027F7B98B000), frame # 1496
[2020.11.04-10.34.12:393][496]LogAISub: UAISubsystem::UAISubsystem AIPerceptionSystem (0000027FCEADEE80), frame # 1496
[2020.11.04-10.34.12:393][496]LogPlayLevel: PIE: World Init took: (0.000934s)
[2020.11.04-10.34.12:393][496]LogPlayLevel: PIE: Created PIE world by copying editor world from /Game/Maps/TestingLevel.TestingLevel to /Game/Maps/UEDPIE_0_TestingLevel.TestingLevel (0.003659s)
[2020.11.04-10.34.12:447][496]LogUObjectHash: Compacting FUObjectHashTables data took   4.37ms
[2020.11.04-10.34.12:456][496]LogAudioMixer: Display: Audio Mixer Platform Settings:
[2020.11.04-10.34.12:456][496]LogAudioMixer: Display: 	Sample Rate:						  48000
[2020.11.04-10.34.12:456][496]LogAudioMixer: Display: 	Callback Buffer Frame Size Requested: 1024
[2020.11.04-10.34.12:456][496]LogAudioMixer: Display: 	Callback Buffer Frame Size To Use:	  1024
[2020.11.04-10.34.12:456][496]LogAudioMixer: Display: 	Number of buffers to queue:			  2
[2020.11.04-10.34.12:456][496]LogAudioMixer: Display: 	Max Channels (voices):				  32
[2020.11.04-10.34.12:456][496]LogAudioMixer: Display: 	Number of Async Source Workers:		  0
[2020.11.04-10.34.12:456][496]LogAudio: Display: AudioDevice MaxSources: 32
[2020.11.04-10.34.12:457][496]LogAudio: Display: Using built-in audio occlusion.
[2020.11.04-10.34.12:457][496]LogAudioMixer: Display: Initializing audio mixer.
[2020.11.04-10.34.12:460][496]LogAudioMixer: Display: 0: FrontLeft
[2020.11.04-10.34.12:460][496]LogAudioMixer: Display: 1: FrontRight
[2020.11.04-10.34.12:471][496]LogAudioMixer: Display: Using Audio Device Headphones (High Definition Audio Device)
[2020.11.04-10.34.12:471][496]LogAudioMixer: Display: Initializing Sound Submixes...
[2020.11.04-10.34.12:471][496]LogAudioMixer: Display: Creating Master Submix 'MasterSubmixDefault'
[2020.11.04-10.34.12:471][496]LogAudioMixer: Display: Creating Master Submix 'MasterReverbSubmixDefault'
[2020.11.04-10.34.12:472][496]LogAudioMixer: Display: Creating Master Submix 'MasterEQSubmixDefault'
[2020.11.04-10.34.12:483][496]LogInit: FAudioDevice initialized.
[2020.11.04-10.34.12:492][496]LogLoad: Game class is 'GM_DungeonCrawler_C'
[2020.11.04-10.34.12:493][496]LogWorld: Bringing World /Game/Maps/UEDPIE_0_TestingLevel.TestingLevel up for play (max tick rate 0) at 2020.11.04-10.34.12
[2020.11.04-10.34.12:498][496]LogWorld: Bringing up level for play took: 0.005830
[2020.11.04-10.34.12:499][496]LogOnline: OSS: Creating online subsystem instance for: :Context_13
[2020.11.04-10.34.12:502][496]LogContentBrowser: Native class hierarchy updated for 'MovieSceneCapture' in 0.0003 seconds. Added 20 classes and 0 folders.
[2020.11.04-10.34.12:509][496]LogNet: ReplicationDriverClass is null! Not using ReplicationDriver.
[2020.11.04-10.34.12:509][496]LogNetCore: DDoS detection status: detection enabled: 0 analytics enabled: 0
[2020.11.04-10.34.12:510][496]LogInit: WinSock: Socket queue. Rx: 131072 (config 131072) Tx: 131072 (config 131072)
[2020.11.04-10.34.12:510][496]LogNet: Created socket for bind address: 0.0.0.0 on port 17777
[2020.11.04-10.34.12:511][496]PacketHandlerLog: Loaded PacketHandler component: Engine.EngineHandlerComponentFactory (StatelessConnectHandlerComponent)
[2020.11.04-10.34.12:512][496]LogNet: GameNetDriver IpNetDriver_0 IpNetDriver listening on port 17777
[2020.11.04-10.34.12:513][496]PIE: Server logged in
[2020.11.04-10.34.12:514][496]PIE: Play in editor total start time 0.127 seconds.
[2020.11.04-10.34.16:421][917]LogBlueprintUserMessages: [BP_Enemy_WormEasy_2] Server: 10.0
[2020.11.04-10.34.17:535][ 48]LogBlueprintUserMessages: [BP_Enemy_WormEasy_2] Server: 10.0
[2020.11.04-10.34.18:396][149]LogBlueprintUserMessages: [BP_Enemy_WormEasy_2] Server: 10.0
[2020.11.04-10.34.19:196][245]LogBlueprintUserMessages: [BP_Enemy_WormEasy_2] Server: 10.0
[2020.11.04-10.34.19:842][317]LogOnlineSession: Warning: OSS: No game present to leave for session (GameSession)
[2020.11.04-10.34.19:842][317]LogSlate: Updating window title bar state: overlay mode, drag disabled, window buttons hidden, title bar hidden
[2020.11.04-10.34.19:842][317]LogWorld: BeginTearingDown for /Game/Maps/UEDPIE_0_TestingLevel
[2020.11.04-10.34.19:842][317]LogWorld: UWorld::CleanupWorld for TestingLevel, bSessionEnded=true, bCleanupResources=true
[2020.11.04-10.34.19:843][317]LogSlate: InvalidateAllWidgets triggered.  All widgets were invalidated
[2020.11.04-10.34.19:855][317]LogNet: World NetDriver shutdown IpNetDriver_0 [GameNetDriver]
[2020.11.04-10.34.19:855][317]LogNet: DestroyNamedNetDriver IpNetDriver_0 [GameNetDriver]
[2020.11.04-10.34.19:856][317]LogExit: GameNetDriver IpNetDriver_0 shut down
[2020.11.04-10.34.19:856][317]LogPlayLevel: Display: Shutting down PIE online subsystems
[2020.11.04-10.34.19:861][317]LogSlate: InvalidateAllWidgets triggered.  All widgets were invalidated
[2020.11.04-10.34.19:884][317]LogSlate: Updating window title bar state: overlay mode, drag disabled, window buttons hidden, title bar hidden
[2020.11.04-10.34.19:930][317]LogAISub: UAISubsystem::~UAISubsystem EnvQueryManager (0000027F7B98B000), frame # 2317
[2020.11.04-10.34.19:930][317]LogAISub: UAISubsystem::~UAISubsystem AIPerceptionSystem (0000027FCEADEE80), frame # 2317
[2020.11.04-10.34.19:946][317]LogUObjectHash: Compacting FUObjectHashTables data took   4.74ms
[2020.11.04-10.34.19:981][318]LogPlayLevel: Display: Destroying online subsystem :Context_13
[2020.11.04-10.34.27:137][ 26]LogTemp: Repeating last play command: Selected Viewport
[2020.11.04-10.34.27:155][ 26]LogPlayLevel: PlayLevel: No blueprints needed recompiling
[2020.11.04-10.34.27:155][ 26]PIE: New page: PIE session: TestingLevel (4 Nov 2020, 10:34:27)
[2020.11.04-10.34.27:186][ 26]LogPlayLevel: Creating play world package: /Game/Maps/UEDPIE_0_TestingLevel
[2020.11.04-10.34.27:189][ 26]LogPlayLevel: PIE: StaticDuplicateObject took: (0.002490s)
[2020.11.04-10.34.27:190][ 26]LogAIModule: Creating AISystem for world TestingLevel
[2020.11.04-10.34.27:190][ 26]LogAISub: UAISubsystem::UAISubsystem EnvQueryManager (0000027F56735200), frame # 3026
[2020.11.04-10.34.27:190][ 26]LogAISub: UAISubsystem::UAISubsystem AIPerceptionSystem (0000027FCF26AC00), frame # 3026
[2020.11.04-10.34.27:190][ 26]LogPlayLevel: PIE: World Init took: (0.001445s)
[2020.11.04-10.34.27:190][ 26]LogPlayLevel: PIE: Created PIE world by copying editor world from /Game/Maps/TestingLevel.TestingLevel to /Game/Maps/UEDPIE_0_TestingLevel.TestingLevel (0.004078s)
[2020.11.04-10.34.27:237][ 26]LogUObjectHash: Compacting FUObjectHashTables data took   3.53ms
[2020.11.04-10.34.27:239][ 26]LogAudioMixer: Display: Audio Mixer Platform Settings:
[2020.11.04-10.34.27:239][ 26]LogAudioMixer: Display: 	Sample Rate:						  48000
[2020.11.04-10.34.27:239][ 26]LogAudioMixer: Display: 	Callback Buffer Frame Size Requested: 1024
[2020.11.04-10.34.27:239][ 26]LogAudioMixer: Display: 	Callback Buffer Frame Size To Use:	  1024
[2020.11.04-10.34.27:239][ 26]LogAudioMixer: Display: 	Number of buffers to queue:			  2
[2020.11.04-10.34.27:239][ 26]LogAudioMixer: Display: 	Max Channels (voices):				  32
[2020.11.04-10.34.27:240][ 26]LogAudioMixer: Display: 	Number of Async Source Workers:		  0
[2020.11.04-10.34.27:240][ 26]LogAudio: Display: AudioDevice MaxSources: 32
[2020.11.04-10.34.27:240][ 26]LogAudio: Display: Using built-in audio occlusion.
[2020.11.04-10.34.27:240][ 26]LogAudioMixer: Display: Initializing audio mixer.
[2020.11.04-10.34.27:243][ 26]LogAudioMixer: Display: 0: FrontLeft
[2020.11.04-10.34.27:243][ 26]LogAudioMixer: Display: 1: FrontRight
[2020.11.04-10.34.27:254][ 26]LogAudioMixer: Display: Using Audio Device Headphones (High Definition Audio Device)
[2020.11.04-10.34.27:255][ 26]LogAudioMixer: Display: Initializing Sound Submixes...
[2020.11.04-10.34.27:255][ 26]LogAudioMixer: Display: Creating Master Submix 'MasterSubmixDefault'
[2020.11.04-10.34.27:255][ 26]LogAudioMixer: Display: Creating Master Submix 'MasterReverbSubmixDefault'
[2020.11.04-10.34.27:255][ 26]LogAudioMixer: Display: Creating Master Submix 'MasterEQSubmixDefault'
[2020.11.04-10.34.27:266][ 26]LogInit: FAudioDevice initialized.
[2020.11.04-10.34.27:273][ 26]LogLoad: Game class is 'GM_DungeonCrawler_C'
[2020.11.04-10.34.27:274][ 26]LogWorld: Bringing World /Game/Maps/UEDPIE_0_TestingLevel.TestingLevel up for play (max tick rate 0) at 2020.11.04-10.34.27
[2020.11.04-10.34.27:274][ 26]LogWorld: Bringing up level for play took: 0.000646
[2020.11.04-10.34.27:275][ 26]LogOnline: OSS: Creating online subsystem instance for: :Context_14
[2020.11.04-10.34.27:278][ 26]LogNet: ReplicationDriverClass is null! Not using ReplicationDriver.
[2020.11.04-10.34.27:278][ 26]LogNetCore: DDoS detection status: detection enabled: 0 analytics enabled: 0
[2020.11.04-10.34.27:278][ 26]LogInit: WinSock: Socket queue. Rx: 131072 (config 131072) Tx: 131072 (config 131072)
[2020.11.04-10.34.27:279][ 26]LogNet: Created socket for bind address: 0.0.0.0 on port 17777
[2020.11.04-10.34.27:279][ 26]PacketHandlerLog: Loaded PacketHandler component: Engine.EngineHandlerComponentFactory (StatelessConnectHandlerComponent)
[2020.11.04-10.34.27:279][ 26]LogNet: GameNetDriver IpNetDriver_1 IpNetDriver listening on port 17777
[2020.11.04-10.34.27:279][ 26]PIE: Server logged in
[2020.11.04-10.34.27:280][ 26]PIE: Play in editor total start time 0.125 seconds.
[2020.11.04-10.34.28:326][137]LogBlueprintUserMessages: [BP_Enemy_WormEasy_2] Server: 10.0
[2020.11.04-10.34.28:951][205]LogBlueprintUserMessages: [BP_Enemy_WormEasy_2] Server: 10.0
[2020.11.04-10.34.29:377][248]LogOnlineSession: Warning: OSS: No game present to leave for session (GameSession)
[2020.11.04-10.34.29:377][248]LogSlate: Updating window title bar state: overlay mode, drag disabled, window buttons hidden, title bar hidden
[2020.11.04-10.34.29:377][248]LogWorld: BeginTearingDown for /Game/Maps/UEDPIE_0_TestingLevel
[2020.11.04-10.34.29:377][248]LogWorld: UWorld::CleanupWorld for TestingLevel, bSessionEnded=true, bCleanupResources=true
[2020.11.04-10.34.29:377][248]LogSlate: InvalidateAllWidgets triggered.  All widgets were invalidated
[2020.11.04-10.34.29:385][248]LogNet: World NetDriver shutdown IpNetDriver_1 [GameNetDriver]
[2020.11.04-10.34.29:385][248]LogNet: DestroyNamedNetDriver IpNetDriver_1 [GameNetDriver]
[2020.11.04-10.34.29:385][248]LogExit: GameNetDriver IpNetDriver_1 shut down
[2020.11.04-10.34.29:386][248]LogPlayLevel: Display: Shutting down PIE online subsystems
[2020.11.04-10.34.29:390][248]LogSlate: InvalidateAllWidgets triggered.  All widgets were invalidated
[2020.11.04-10.34.29:425][248]LogSlate: Updating window title bar state: overlay mode, drag disabled, window buttons hidden, title bar hidden
[2020.11.04-10.34.29:426][248]LogAISub: UAISubsystem::~UAISubsystem AIPerceptionSystem (0000027FCF26AC00), frame # 3248
[2020.11.04-10.34.29:426][248]LogAISub: UAISubsystem::~UAISubsystem EnvQueryManager (0000027F56735200), frame # 3248
[2020.11.04-10.34.29:429][248]LogUObjectHash: Compacting FUObjectHashTables data took   2.62ms
[2020.11.04-10.34.29:462][249]LogPlayLevel: Display: Destroying online subsystem :Context_14
[2020.11.04-10.34.55:296][987]LogSlate: Took 0.006751 seconds to synchronously load lazily loaded font '../../../Engine/Content/Slate/Fonts/DroidSansMono.ttf' (77K)
[2020.11.04-10.35.02:428][464]Cmd: r.Streaming.PoolSize 3500
[2020.11.04-10.35.02:435][464]r.Streaming.PoolSize = "3500"
[2020.11.04-10.35.02:452][466]LogContentStreaming: Texture pool size now 3500 MB
[2020.11.04-10.35.04:179][666]LogTemp: Repeating last play command: Selected Viewport
[2020.11.04-10.35.04:198][666]LogPlayLevel: PlayLevel: No blueprints needed recompiling
[2020.11.04-10.35.04:198][666]PIE: New page: PIE session: TestingLevel (4 Nov 2020, 10:35:04)
[2020.11.04-10.35.04:236][666]LogPlayLevel: Creating play world package: /Game/Maps/UEDPIE_0_TestingLevel
[2020.11.04-10.35.04:239][666]LogPlayLevel: PIE: StaticDuplicateObject took: (0.002888s)
[2020.11.04-10.35.04:240][666]LogAIModule: Creating AISystem for world TestingLevel
[2020.11.04-10.35.04:240][666]LogAISub: UAISubsystem::UAISubsystem EnvQueryManager (000002801CF1F600), frame # 4666
[2020.11.04-10.35.04:240][666]LogAISub: UAISubsystem::UAISubsystem AIPerceptionSystem (0000027FA2AF5580), frame # 4666
[2020.11.04-10.35.04:240][666]LogPlayLevel: PIE: World Init took: (0.001021s)
[2020.11.04-10.35.04:240][666]LogPlayLevel: PIE: Created PIE world by copying editor world from /Game/Maps/TestingLevel.TestingLevel to /Game/Maps/UEDPIE_0_TestingLevel.TestingLevel (0.004035s)
[2020.11.04-10.35.04:265][666]LogUObjectHash: Compacting FUObjectHashTables data took   2.36ms
[2020.11.04-10.35.04:277][666]LogAudioMixer: Display: Audio Mixer Platform Settings:
[2020.11.04-10.35.04:277][666]LogAudioMixer: Display: 	Sample Rate:						  48000
[2020.11.04-10.35.04:277][666]LogAudioMixer: Display: 	Callback Buffer Frame Size Requested: 1024
[2020.11.04-10.35.04:277][666]LogAudioMixer: Display: 	Callback Buffer Frame Size To Use:	  1024
[2020.11.04-10.35.04:277][666]LogAudioMixer: Display: 	Number of buffers to queue:			  2
[2020.11.04-10.35.04:277][666]LogAudioMixer: Display: 	Max Channels (voices):				  32
[2020.11.04-10.35.04:277][666]LogAudioMixer: Display: 	Number of Async Source Workers:		  0
[2020.11.04-10.35.04:277][666]LogAudio: Display: AudioDevice MaxSources: 32
[2020.11.04-10.35.04:277][666]LogAudio: Display: Using built-in audio occlusion.
[2020.11.04-10.35.04:277][666]LogAudioMixer: Display: Initializing audio mixer.
[2020.11.04-10.35.04:280][666]LogAudioMixer: Display: 0: FrontLeft
[2020.11.04-10.35.04:280][666]LogAudioMixer: Display: 1: FrontRight
[2020.11.04-10.35.04:294][666]LogAudioMixer: Display: Using Audio Device Headphones (High Definition Audio Device)
[2020.11.04-10.35.04:294][666]LogAudioMixer: Display: Initializing Sound Submixes...
[2020.11.04-10.35.04:294][666]LogAudioMixer: Display: Creating Master Submix 'MasterSubmixDefault'
[2020.11.04-10.35.04:294][666]LogAudioMixer: Display: Creating Master Submix 'MasterReverbSubmixDefault'
[2020.11.04-10.35.04:295][666]LogAudioMixer: Display: Creating Master Submix 'MasterEQSubmixDefault'
[2020.11.04-10.35.04:306][666]LogInit: FAudioDevice initialized.
[2020.11.04-10.35.04:316][666]LogLoad: Game class is 'GM_DungeonCrawler_C'
[2020.11.04-10.35.04:318][666]LogWorld: Bringing World /Game/Maps/UEDPIE_0_TestingLevel.TestingLevel up for play (max tick rate 0) at 2020.11.04-10.35.04
[2020.11.04-10.35.04:318][666]LogWorld: Bringing up level for play took: 0.000817
[2020.11.04-10.35.04:318][666]LogOnline: OSS: Creating online subsystem instance for: :Context_15
[2020.11.04-10.35.04:322][666]LogNet: ReplicationDriverClass is null! Not using ReplicationDriver.
[2020.11.04-10.35.04:322][666]LogNetCore: DDoS detection status: detection enabled: 0 analytics enabled: 0
[2020.11.04-10.35.04:322][666]LogInit: WinSock: Socket queue. Rx: 131072 (config 131072) Tx: 131072 (config 131072)
[2020.11.04-10.35.04:322][666]LogNet: Created socket for bind address: 0.0.0.0 on port 17777
[2020.11.04-10.35.04:322][666]PacketHandlerLog: Loaded PacketHandler component: Engine.EngineHandlerComponentFactory (StatelessConnectHandlerComponent)
[2020.11.04-10.35.04:322][666]LogNet: GameNetDriver IpNetDriver_2 IpNetDriver listening on port 17777
[2020.11.04-10.35.04:323][666]PIE: Server logged in
[2020.11.04-10.35.04:324][666]PIE: Play in editor total start time 0.126 seconds.
[2020.11.04-10.35.06:172][879]LogBlueprintUserMessages: [BP_Enemy_WormEasy_2] Server: 10.0
[2020.11.04-10.35.06:567][922]LogOnlineSession: Warning: OSS: No game present to leave for session (GameSession)
[2020.11.04-10.35.06:567][922]LogSlate: Updating window title bar state: overlay mode, drag disabled, window buttons hidden, title bar hidden
[2020.11.04-10.35.06:567][922]LogWorld: BeginTearingDown for /Game/Maps/UEDPIE_0_TestingLevel
[2020.11.04-10.35.06:567][922]LogWorld: UWorld::CleanupWorld for TestingLevel, bSessionEnded=true, bCleanupResources=true
[2020.11.04-10.35.06:568][922]LogSlate: InvalidateAllWidgets triggered.  All widgets were invalidated
[2020.11.04-10.35.06:579][922]LogNet: World NetDriver shutdown IpNetDriver_2 [GameNetDriver]
[2020.11.04-10.35.06:579][922]LogNet: DestroyNamedNetDriver IpNetDriver_2 [GameNetDriver]
[2020.11.04-10.35.06:579][922]LogExit: GameNetDriver IpNetDriver_2 shut down
[2020.11.04-10.35.06:580][922]LogPlayLevel: Display: Shutting down PIE online subsystems
[2020.11.04-10.35.06:584][922]LogSlate: InvalidateAllWidgets triggered.  All widgets were invalidated
[2020.11.04-10.35.06:605][922]LogSlate: Updating window title bar state: overlay mode, drag disabled, window buttons hidden, title bar hidden
[2020.11.04-10.35.06:619][922]LogAISub: UAISubsystem::~UAISubsystem AIPerceptionSystem (0000027FA2AF5580), frame # 4922
[2020.11.04-10.35.06:619][922]LogAISub: UAISubsystem::~UAISubsystem EnvQueryManager (000002801CF1F600), frame # 4922
[2020.11.04-10.35.06:621][922]LogUObjectHash: Compacting FUObjectHashTables data took   2.34ms
[2020.11.04-10.35.06:654][923]LogPlayLevel: Display: Destroying online subsystem :Context_15
[2020.11.04-10.35.08:570][ 95]LogUObjectHash: Compacting FUObjectHashTables data took   2.63ms
